{"C:\\Users\\Helen\\WebstormProjects\\project_team211\\src\\controller\\IInsightFacade.js":{"path":"C:\\Users\\Helen\\WebstormProjects\\project_team211\\src\\controller\\IInsightFacade.js","statementMap":{"0":{"start":{"line":2,"column":0},"end":{"line":2,"column":62}},"1":{"start":{"line":4,"column":0},"end":{"line":7,"column":89}},"2":{"start":{"line":5,"column":4},"end":{"line":5,"column":46}},"3":{"start":{"line":6,"column":4},"end":{"line":6,"column":42}},"4":{"start":{"line":10,"column":8},"end":{"line":10,"column":23}},"5":{"start":{"line":11,"column":8},"end":{"line":11,"column":52}},"6":{"start":{"line":14,"column":0},"end":{"line":14,"column":36}},"7":{"start":{"line":17,"column":8},"end":{"line":17,"column":23}},"8":{"start":{"line":18,"column":8},"end":{"line":18,"column":53}},"9":{"start":{"line":21,"column":0},"end":{"line":21,"column":38}},"10":{"start":{"line":24,"column":8},"end":{"line":24,"column":23}},"11":{"start":{"line":25,"column":8},"end":{"line":25,"column":59}},"12":{"start":{"line":28,"column":0},"end":{"line":28,"column":50}}},"fnMap":{"0":{"name":"(anonymous_0)","decl":{"start":{"line":4,"column":1},"end":{"line":4,"column":2}},"loc":{"start":{"line":4,"column":31},"end":{"line":7,"column":1}},"line":4},"1":{"name":"(anonymous_1)","decl":{"start":{"line":9,"column":4},"end":{"line":9,"column":5}},"loc":{"start":{"line":9,"column":25},"end":{"line":12,"column":5}},"line":9},"2":{"name":"(anonymous_2)","decl":{"start":{"line":16,"column":4},"end":{"line":16,"column":5}},"loc":{"start":{"line":16,"column":25},"end":{"line":19,"column":5}},"line":16},"3":{"name":"(anonymous_3)","decl":{"start":{"line":23,"column":4},"end":{"line":23,"column":5}},"loc":{"start":{"line":23,"column":25},"end":{"line":26,"column":5}},"line":23}},"branchMap":{"0":{"loc":{"start":{"line":7,"column":24},"end":{"line":7,"column":87}},"type":"binary-expr","locations":[{"start":{"line":7,"column":24},"end":{"line":7,"column":50}},{"start":{"line":7,"column":55},"end":{"line":7,"column":86}}],"line":7}},"s":{"0":1,"1":1,"2":1,"3":1,"4":96,"5":96,"6":1,"7":3,"8":3,"9":1,"10":2,"11":2,"12":1},"f":{"0":1,"1":96,"2":3,"3":2},"b":{"0":[1,1]},"_coverageSchema":"332fd63041d2c1bcb487cc26dd0d5f7d97098a6c","hash":"6fa246f20c96c36439f66b0edbe36421038be1c8","contentHash":"150790a68a7e721f8df8f897229ec35c_11.3.0"},"C:\\Users\\Helen\\WebstormProjects\\project_team211\\src\\Util.js":{"path":"C:\\Users\\Helen\\WebstormProjects\\project_team211\\src\\Util.js","statementMap":{"0":{"start":{"line":2,"column":0},"end":{"line":2,"column":62}},"1":{"start":{"line":5,"column":8},"end":{"line":5,"column":67}},"2":{"start":{"line":8,"column":8},"end":{"line":8,"column":68}},"3":{"start":{"line":11,"column":8},"end":{"line":11,"column":68}},"4":{"start":{"line":14,"column":8},"end":{"line":14,"column":69}},"5":{"start":{"line":17,"column":8},"end":{"line":17,"column":67}},"6":{"start":{"line":20,"column":0},"end":{"line":20,"column":22}}},"fnMap":{"0":{"name":"(anonymous_0)","decl":{"start":{"line":4,"column":4},"end":{"line":4,"column":5}},"loc":{"start":{"line":4,"column":25},"end":{"line":6,"column":5}},"line":4},"1":{"name":"(anonymous_1)","decl":{"start":{"line":7,"column":4},"end":{"line":7,"column":5}},"loc":{"start":{"line":7,"column":24},"end":{"line":9,"column":5}},"line":7},"2":{"name":"(anonymous_2)","decl":{"start":{"line":10,"column":4},"end":{"line":10,"column":5}},"loc":{"start":{"line":10,"column":24},"end":{"line":12,"column":5}},"line":10},"3":{"name":"(anonymous_3)","decl":{"start":{"line":13,"column":4},"end":{"line":13,"column":5}},"loc":{"start":{"line":13,"column":25},"end":{"line":15,"column":5}},"line":13},"4":{"name":"(anonymous_4)","decl":{"start":{"line":16,"column":4},"end":{"line":16,"column":5}},"loc":{"start":{"line":16,"column":24},"end":{"line":18,"column":5}},"line":16}},"branchMap":{},"s":{"0":1,"1":58,"2":182,"3":0,"4":2,"5":103,"6":1},"f":{"0":58,"1":182,"2":0,"3":2,"4":103},"b":{},"_coverageSchema":"332fd63041d2c1bcb487cc26dd0d5f7d97098a6c","hash":"461a4cb09835bebdcccfd2db102da924ab63712d","contentHash":"ada82cc87e78d4b00f27f0d861f079d5_11.3.0"},"C:\\Users\\Helen\\WebstormProjects\\project_team211\\src\\controller\\InsightFacade.js":{"path":"C:\\Users\\Helen\\WebstormProjects\\project_team211\\src\\controller\\InsightFacade.js","statementMap":{"0":{"start":{"line":2,"column":0},"end":{"line":2,"column":62}},"1":{"start":{"line":3,"column":15},"end":{"line":3,"column":33}},"2":{"start":{"line":4,"column":25},"end":{"line":4,"column":52}},"3":{"start":{"line":5,"column":14},"end":{"line":5,"column":30}},"4":{"start":{"line":6,"column":25},"end":{"line":6,"column":52}},"5":{"start":{"line":7,"column":21},"end":{"line":7,"column":44}},"6":{"start":{"line":8,"column":26},"end":{"line":8,"column":54}},"7":{"start":{"line":9,"column":23},"end":{"line":9,"column":48}},"8":{"start":{"line":10,"column":21},"end":{"line":10,"column":44}},"9":{"start":{"line":11,"column":11},"end":{"line":11,"column":24}},"10":{"start":{"line":14,"column":8},"end":{"line":14,"column":58}},"11":{"start":{"line":15,"column":8},"end":{"line":15,"column":38}},"12":{"start":{"line":16,"column":8},"end":{"line":16,"column":29}},"13":{"start":{"line":19,"column":8},"end":{"line":52,"column":11}},"14":{"start":{"line":20,"column":12},"end":{"line":22,"column":13}},"15":{"start":{"line":21,"column":16},"end":{"line":21,"column":79}},"16":{"start":{"line":23,"column":12},"end":{"line":23,"column":48}},"17":{"start":{"line":25,"column":12},"end":{"line":27,"column":13}},"18":{"start":{"line":26,"column":16},"end":{"line":26,"column":99}},"19":{"start":{"line":28,"column":22},"end":{"line":28,"column":33}},"20":{"start":{"line":29,"column":12},"end":{"line":33,"column":15}},"21":{"start":{"line":30,"column":16},"end":{"line":30,"column":48}},"22":{"start":{"line":32,"column":16},"end":{"line":32,"column":99}},"23":{"start":{"line":35,"column":12},"end":{"line":35,"column":57}},"24":{"start":{"line":36,"column":12},"end":{"line":41,"column":13}},"25":{"start":{"line":37,"column":16},"end":{"line":37,"column":75}},"26":{"start":{"line":40,"column":16},"end":{"line":40,"column":71}},"27":{"start":{"line":43,"column":12},"end":{"line":51,"column":13}},"28":{"start":{"line":44,"column":16},"end":{"line":44,"column":54}},"29":{"start":{"line":45,"column":16},"end":{"line":45,"column":41}},"30":{"start":{"line":46,"column":16},"end":{"line":46,"column":85}},"31":{"start":{"line":47,"column":16},"end":{"line":47,"column":56}},"32":{"start":{"line":50,"column":16},"end":{"line":50,"column":98}},"33":{"start":{"line":55,"column":8},"end":{"line":79,"column":11}},"34":{"start":{"line":56,"column":12},"end":{"line":58,"column":13}},"35":{"start":{"line":57,"column":16},"end":{"line":57,"column":79}},"36":{"start":{"line":59,"column":12},"end":{"line":59,"column":48}},"37":{"start":{"line":61,"column":12},"end":{"line":63,"column":13}},"38":{"start":{"line":62,"column":16},"end":{"line":62,"column":99}},"39":{"start":{"line":64,"column":12},"end":{"line":66,"column":13}},"40":{"start":{"line":65,"column":16},"end":{"line":65,"column":45}},"41":{"start":{"line":68,"column":12},"end":{"line":72,"column":13}},"42":{"start":{"line":69,"column":16},"end":{"line":71,"column":17}},"43":{"start":{"line":70,"column":20},"end":{"line":70,"column":35}},"44":{"start":{"line":73,"column":12},"end":{"line":77,"column":13}},"45":{"start":{"line":74,"column":16},"end":{"line":74,"column":85}},"46":{"start":{"line":78,"column":12},"end":{"line":78,"column":39}},"47":{"start":{"line":82,"column":8},"end":{"line":98,"column":11}},"48":{"start":{"line":83,"column":36},"end":{"line":83,"column":79}},"49":{"start":{"line":84,"column":12},"end":{"line":84,"column":73}},"50":{"start":{"line":86,"column":12},"end":{"line":88,"column":13}},"51":{"start":{"line":87,"column":16},"end":{"line":87,"column":98}},"52":{"start":{"line":89,"column":31},"end":{"line":89,"column":77}},"53":{"start":{"line":90,"column":12},"end":{"line":90,"column":66}},"54":{"start":{"line":92,"column":12},"end":{"line":97,"column":13}},"55":{"start":{"line":93,"column":16},"end":{"line":93,"column":82}},"56":{"start":{"line":96,"column":16},"end":{"line":96,"column":47}},"57":{"start":{"line":101,"column":8},"end":{"line":101,"column":37}},"58":{"start":{"line":104,"column":8},"end":{"line":104,"column":29}},"59":{"start":{"line":105,"column":26},"end":{"line":105,"column":28}},"60":{"start":{"line":106,"column":22},"end":{"line":106,"column":75}},"61":{"start":{"line":107,"column":8},"end":{"line":116,"column":9}},"62":{"start":{"line":108,"column":27},"end":{"line":108,"column":42}},"63":{"start":{"line":109,"column":12},"end":{"line":109,"column":46}},"64":{"start":{"line":110,"column":12},"end":{"line":115,"column":13}},"65":{"start":{"line":111,"column":16},"end":{"line":111,"column":135}},"66":{"start":{"line":114,"column":16},"end":{"line":114,"column":133}},"67":{"start":{"line":117,"column":8},"end":{"line":117,"column":44}},"68":{"start":{"line":120,"column":0},"end":{"line":120,"column":32}}},"fnMap":{"0":{"name":"(anonymous_0)","decl":{"start":{"line":13,"column":4},"end":{"line":13,"column":5}},"loc":{"start":{"line":13,"column":18},"end":{"line":17,"column":5}},"line":13},"1":{"name":"(anonymous_1)","decl":{"start":{"line":18,"column":4},"end":{"line":18,"column":5}},"loc":{"start":{"line":18,"column":34},"end":{"line":53,"column":5}},"line":18},"2":{"name":"(anonymous_2)","decl":{"start":{"line":19,"column":27},"end":{"line":19,"column":28}},"loc":{"start":{"line":19,"column":48},"end":{"line":24,"column":9}},"line":19},"3":{"name":"(anonymous_3)","decl":{"start":{"line":24,"column":16},"end":{"line":24,"column":17}},"loc":{"start":{"line":24,"column":22},"end":{"line":34,"column":9}},"line":24},"4":{"name":"(anonymous_4)","decl":{"start":{"line":29,"column":65},"end":{"line":29,"column":66}},"loc":{"start":{"line":29,"column":78},"end":{"line":31,"column":13}},"line":29},"5":{"name":"(anonymous_5)","decl":{"start":{"line":31,"column":21},"end":{"line":31,"column":22}},"loc":{"start":{"line":31,"column":32},"end":{"line":33,"column":13}},"line":31},"6":{"name":"(anonymous_6)","decl":{"start":{"line":34,"column":16},"end":{"line":34,"column":17}},"loc":{"start":{"line":34,"column":25},"end":{"line":42,"column":9}},"line":34},"7":{"name":"(anonymous_7)","decl":{"start":{"line":42,"column":16},"end":{"line":42,"column":17}},"loc":{"start":{"line":42,"column":32},"end":{"line":52,"column":9}},"line":42},"8":{"name":"(anonymous_8)","decl":{"start":{"line":54,"column":4},"end":{"line":54,"column":5}},"loc":{"start":{"line":54,"column":22},"end":{"line":80,"column":5}},"line":54},"9":{"name":"(anonymous_9)","decl":{"start":{"line":55,"column":27},"end":{"line":55,"column":28}},"loc":{"start":{"line":55,"column":48},"end":{"line":60,"column":9}},"line":55},"10":{"name":"(anonymous_10)","decl":{"start":{"line":60,"column":16},"end":{"line":60,"column":17}},"loc":{"start":{"line":60,"column":25},"end":{"line":79,"column":9}},"line":60},"11":{"name":"(anonymous_11)","decl":{"start":{"line":81,"column":4},"end":{"line":81,"column":5}},"loc":{"start":{"line":81,"column":24},"end":{"line":99,"column":5}},"line":81},"12":{"name":"(anonymous_12)","decl":{"start":{"line":82,"column":40},"end":{"line":82,"column":41}},"loc":{"start":{"line":82,"column":52},"end":{"line":85,"column":9}},"line":82},"13":{"name":"(anonymous_13)","decl":{"start":{"line":85,"column":16},"end":{"line":85,"column":17}},"loc":{"start":{"line":85,"column":25},"end":{"line":91,"column":9}},"line":85},"14":{"name":"(anonymous_14)","decl":{"start":{"line":91,"column":16},"end":{"line":91,"column":17}},"loc":{"start":{"line":91,"column":28},"end":{"line":98,"column":9}},"line":91},"15":{"name":"(anonymous_15)","decl":{"start":{"line":100,"column":4},"end":{"line":100,"column":5}},"loc":{"start":{"line":100,"column":27},"end":{"line":102,"column":5}},"line":100},"16":{"name":"(anonymous_16)","decl":{"start":{"line":103,"column":4},"end":{"line":103,"column":5}},"loc":{"start":{"line":103,"column":19},"end":{"line":118,"column":5}},"line":103}},"branchMap":{"0":{"loc":{"start":{"line":20,"column":12},"end":{"line":22,"column":13}},"type":"if","locations":[{"start":{"line":20,"column":12},"end":{"line":22,"column":13}},{"start":{"line":20,"column":12},"end":{"line":22,"column":13}}],"line":20},"1":{"loc":{"start":{"line":20,"column":18},"end":{"line":20,"column":94}},"type":"binary-expr","locations":[{"start":{"line":20,"column":18},"end":{"line":20,"column":36}},{"start":{"line":20,"column":40},"end":{"line":20,"column":59}},{"start":{"line":20,"column":63},"end":{"line":20,"column":74}},{"start":{"line":20,"column":78},"end":{"line":20,"column":94}}],"line":20},"2":{"loc":{"start":{"line":25,"column":12},"end":{"line":27,"column":13}},"type":"if","locations":[{"start":{"line":25,"column":12},"end":{"line":27,"column":13}},{"start":{"line":25,"column":12},"end":{"line":27,"column":13}}],"line":25},"3":{"loc":{"start":{"line":36,"column":12},"end":{"line":41,"column":13}},"type":"if","locations":[{"start":{"line":36,"column":12},"end":{"line":41,"column":13}},{"start":{"line":36,"column":12},"end":{"line":41,"column":13}}],"line":36},"4":{"loc":{"start":{"line":43,"column":12},"end":{"line":51,"column":13}},"type":"if","locations":[{"start":{"line":43,"column":12},"end":{"line":51,"column":13}},{"start":{"line":43,"column":12},"end":{"line":51,"column":13}}],"line":43},"5":{"loc":{"start":{"line":56,"column":12},"end":{"line":58,"column":13}},"type":"if","locations":[{"start":{"line":56,"column":12},"end":{"line":58,"column":13}},{"start":{"line":56,"column":12},"end":{"line":58,"column":13}}],"line":56},"6":{"loc":{"start":{"line":56,"column":18},"end":{"line":56,"column":94}},"type":"binary-expr","locations":[{"start":{"line":56,"column":18},"end":{"line":56,"column":36}},{"start":{"line":56,"column":40},"end":{"line":56,"column":59}},{"start":{"line":56,"column":63},"end":{"line":56,"column":74}},{"start":{"line":56,"column":78},"end":{"line":56,"column":94}}],"line":56},"7":{"loc":{"start":{"line":61,"column":12},"end":{"line":63,"column":13}},"type":"if","locations":[{"start":{"line":61,"column":12},"end":{"line":63,"column":13}},{"start":{"line":61,"column":12},"end":{"line":63,"column":13}}],"line":61},"8":{"loc":{"start":{"line":64,"column":12},"end":{"line":66,"column":13}},"type":"if","locations":[{"start":{"line":64,"column":12},"end":{"line":66,"column":13}},{"start":{"line":64,"column":12},"end":{"line":66,"column":13}}],"line":64},"9":{"loc":{"start":{"line":69,"column":16},"end":{"line":71,"column":17}},"type":"if","locations":[{"start":{"line":69,"column":16},"end":{"line":71,"column":17}},{"start":{"line":69,"column":16},"end":{"line":71,"column":17}}],"line":69},"10":{"loc":{"start":{"line":86,"column":12},"end":{"line":88,"column":13}},"type":"if","locations":[{"start":{"line":86,"column":12},"end":{"line":88,"column":13}},{"start":{"line":86,"column":12},"end":{"line":88,"column":13}}],"line":86},"11":{"loc":{"start":{"line":92,"column":12},"end":{"line":97,"column":13}},"type":"if","locations":[{"start":{"line":92,"column":12},"end":{"line":97,"column":13}},{"start":{"line":92,"column":12},"end":{"line":97,"column":13}}],"line":92},"12":{"loc":{"start":{"line":110,"column":12},"end":{"line":115,"column":13}},"type":"if","locations":[{"start":{"line":110,"column":12},"end":{"line":115,"column":13}},{"start":{"line":110,"column":12},"end":{"line":115,"column":13}}],"line":110}},"s":{"0":1,"1":1,"2":1,"3":1,"4":1,"5":1,"6":1,"7":1,"8":1,"9":1,"10":38,"11":38,"12":38,"13":41,"14":41,"15":5,"16":36,"17":36,"18":1,"19":35,"20":35,"21":34,"22":1,"23":34,"24":34,"25":18,"26":16,"27":28,"28":22,"29":22,"30":22,"31":22,"32":6,"33":11,"34":11,"35":5,"36":6,"37":6,"38":3,"39":3,"40":3,"41":3,"42":4,"43":3,"44":3,"45":3,"46":3,"47":141,"48":141,"49":141,"50":69,"51":2,"52":69,"53":69,"54":69,"55":2,"56":67,"57":0,"58":189,"59":189,"60":189,"61":189,"62":290,"63":290,"64":290,"65":149,"66":141,"67":189,"68":1},"f":{"0":38,"1":41,"2":41,"3":36,"4":34,"5":1,"6":34,"7":28,"8":11,"9":11,"10":6,"11":141,"12":141,"13":69,"14":69,"15":0,"16":189},"b":{"0":[5,36],"1":[41,39,38,37],"2":[1,35],"3":[18,16],"4":[22,6],"5":[5,6],"6":[11,9,8,7],"7":[3,3],"8":[3,0],"9":[3,1],"10":[2,67],"11":[2,67],"12":[149,141]},"_coverageSchema":"332fd63041d2c1bcb487cc26dd0d5f7d97098a6c","hash":"e9d61e60fa5983436c5d1578ad360bfc9eea152d","contentHash":"6853066fd26d2d204e8c10867091c2fd_11.3.0"},"C:\\Users\\Helen\\WebstormProjects\\project_team211\\src\\controller\\QueryValidator.js":{"path":"C:\\Users\\Helen\\WebstormProjects\\project_team211\\src\\controller\\QueryValidator.js","statementMap":{"0":{"start":{"line":2,"column":0},"end":{"line":2,"column":62}},"1":{"start":{"line":3,"column":25},"end":{"line":3,"column":52}},"2":{"start":{"line":4,"column":25},"end":{"line":4,"column":63}},"3":{"start":{"line":5,"column":27},"end":{"line":5,"column":67}},"4":{"start":{"line":6,"column":29},"end":{"line":6,"column":71}},"5":{"start":{"line":7,"column":11},"end":{"line":7,"column":24}},"6":{"start":{"line":10,"column":8},"end":{"line":10,"column":74}},"7":{"start":{"line":11,"column":8},"end":{"line":11,"column":69}},"8":{"start":{"line":12,"column":8},"end":{"line":12,"column":110}},"9":{"start":{"line":13,"column":8},"end":{"line":13,"column":50}},"10":{"start":{"line":14,"column":8},"end":{"line":14,"column":40}},"11":{"start":{"line":15,"column":8},"end":{"line":15,"column":68}},"12":{"start":{"line":16,"column":8},"end":{"line":16,"column":74}},"13":{"start":{"line":17,"column":8},"end":{"line":17,"column":80}},"14":{"start":{"line":18,"column":8},"end":{"line":18,"column":24}},"15":{"start":{"line":19,"column":8},"end":{"line":19,"column":24}},"16":{"start":{"line":20,"column":8},"end":{"line":20,"column":23}},"17":{"start":{"line":21,"column":8},"end":{"line":21,"column":29}},"18":{"start":{"line":22,"column":8},"end":{"line":22,"column":28}},"19":{"start":{"line":25,"column":8},"end":{"line":27,"column":9}},"20":{"start":{"line":26,"column":12},"end":{"line":26,"column":101}},"21":{"start":{"line":28,"column":22},"end":{"line":28,"column":40}},"22":{"start":{"line":29,"column":8},"end":{"line":31,"column":9}},"23":{"start":{"line":30,"column":12},"end":{"line":30,"column":101}},"24":{"start":{"line":32,"column":8},"end":{"line":34,"column":9}},"25":{"start":{"line":33,"column":12},"end":{"line":33,"column":111}},"26":{"start":{"line":35,"column":8},"end":{"line":59,"column":11}},"27":{"start":{"line":36,"column":12},"end":{"line":36,"column":68}},"28":{"start":{"line":38,"column":12},"end":{"line":38,"column":72}},"29":{"start":{"line":40,"column":12},"end":{"line":40,"column":84}},"30":{"start":{"line":42,"column":12},"end":{"line":42,"column":36}},"31":{"start":{"line":43,"column":12},"end":{"line":49,"column":13}},"32":{"start":{"line":44,"column":16},"end":{"line":44,"column":37}},"33":{"start":{"line":45,"column":16},"end":{"line":45,"column":41}},"34":{"start":{"line":48,"column":16},"end":{"line":48,"column":49}},"35":{"start":{"line":51,"column":12},"end":{"line":56,"column":13}},"36":{"start":{"line":52,"column":16},"end":{"line":52,"column":72}},"37":{"start":{"line":55,"column":16},"end":{"line":55,"column":92}},"38":{"start":{"line":58,"column":12},"end":{"line":58,"column":39}},"39":{"start":{"line":62,"column":8},"end":{"line":62,"column":94}},"40":{"start":{"line":63,"column":8},"end":{"line":63,"column":51}},"41":{"start":{"line":64,"column":8},"end":{"line":64,"column":64}},"42":{"start":{"line":65,"column":8},"end":{"line":65,"column":64}},"43":{"start":{"line":66,"column":8},"end":{"line":66,"column":64}},"44":{"start":{"line":67,"column":8},"end":{"line":67,"column":104}},"45":{"start":{"line":70,"column":8},"end":{"line":72,"column":9}},"46":{"start":{"line":71,"column":12},"end":{"line":71,"column":24}},"47":{"start":{"line":73,"column":8},"end":{"line":79,"column":9}},"48":{"start":{"line":74,"column":25},"end":{"line":74,"column":39}},"49":{"start":{"line":75,"column":23},"end":{"line":75,"column":32}},"50":{"start":{"line":76,"column":12},"end":{"line":78,"column":13}},"51":{"start":{"line":77,"column":16},"end":{"line":77,"column":29}},"52":{"start":{"line":80,"column":8},"end":{"line":80,"column":20}},"53":{"start":{"line":83,"column":8},"end":{"line":85,"column":9}},"54":{"start":{"line":84,"column":12},"end":{"line":84,"column":24}},"55":{"start":{"line":86,"column":8},"end":{"line":92,"column":9}},"56":{"start":{"line":87,"column":25},"end":{"line":87,"column":39}},"57":{"start":{"line":88,"column":23},"end":{"line":88,"column":32}},"58":{"start":{"line":89,"column":12},"end":{"line":91,"column":13}},"59":{"start":{"line":90,"column":16},"end":{"line":90,"column":29}},"60":{"start":{"line":93,"column":8},"end":{"line":93,"column":20}},"61":{"start":{"line":96,"column":8},"end":{"line":98,"column":9}},"62":{"start":{"line":97,"column":12},"end":{"line":97,"column":37}},"63":{"start":{"line":99,"column":8},"end":{"line":101,"column":9}},"64":{"start":{"line":100,"column":12},"end":{"line":100,"column":92}},"65":{"start":{"line":102,"column":27},"end":{"line":102,"column":31}},"66":{"start":{"line":103,"column":28},"end":{"line":103,"column":49}},"67":{"start":{"line":104,"column":26},"end":{"line":104,"column":30}},"68":{"start":{"line":105,"column":8},"end":{"line":110,"column":9}},"69":{"start":{"line":106,"column":12},"end":{"line":109,"column":13}},"70":{"start":{"line":107,"column":16},"end":{"line":107,"column":43}},"71":{"start":{"line":108,"column":16},"end":{"line":108,"column":39}},"72":{"start":{"line":111,"column":8},"end":{"line":113,"column":9}},"73":{"start":{"line":112,"column":12},"end":{"line":112,"column":107}},"74":{"start":{"line":114,"column":8},"end":{"line":134,"column":9}},"75":{"start":{"line":115,"column":12},"end":{"line":117,"column":13}},"76":{"start":{"line":116,"column":16},"end":{"line":116,"column":96}},"77":{"start":{"line":118,"column":25},"end":{"line":118,"column":39}},"78":{"start":{"line":119,"column":27},"end":{"line":119,"column":36}},"79":{"start":{"line":120,"column":29},"end":{"line":120,"column":38}},"80":{"start":{"line":121,"column":12},"end":{"line":123,"column":13}},"81":{"start":{"line":122,"column":16},"end":{"line":122,"column":92}},"82":{"start":{"line":124,"column":12},"end":{"line":133,"column":13}},"83":{"start":{"line":125,"column":16},"end":{"line":127,"column":17}},"84":{"start":{"line":126,"column":20},"end":{"line":126,"column":97}},"85":{"start":{"line":129,"column":17},"end":{"line":133,"column":13}},"86":{"start":{"line":130,"column":16},"end":{"line":132,"column":17}},"87":{"start":{"line":131,"column":20},"end":{"line":131,"column":97}},"88":{"start":{"line":135,"column":8},"end":{"line":135,"column":45}},"89":{"start":{"line":138,"column":8},"end":{"line":142,"column":9}},"90":{"start":{"line":139,"column":12},"end":{"line":141,"column":13}},"91":{"start":{"line":140,"column":16},"end":{"line":140,"column":107}},"92":{"start":{"line":143,"column":8},"end":{"line":143,"column":26}},"93":{"start":{"line":146,"column":8},"end":{"line":146,"column":54}},"94":{"start":{"line":149,"column":0},"end":{"line":149,"column":40}}},"fnMap":{"0":{"name":"(anonymous_0)","decl":{"start":{"line":9,"column":4},"end":{"line":9,"column":5}},"loc":{"start":{"line":9,"column":30},"end":{"line":23,"column":5}},"line":9},"1":{"name":"(anonymous_1)","decl":{"start":{"line":24,"column":4},"end":{"line":24,"column":5}},"loc":{"start":{"line":24,"column":25},"end":{"line":60,"column":5}},"line":24},"2":{"name":"(anonymous_2)","decl":{"start":{"line":35,"column":27},"end":{"line":35,"column":28}},"loc":{"start":{"line":35,"column":48},"end":{"line":37,"column":9}},"line":35},"3":{"name":"(anonymous_3)","decl":{"start":{"line":37,"column":16},"end":{"line":37,"column":17}},"loc":{"start":{"line":37,"column":22},"end":{"line":39,"column":9}},"line":37},"4":{"name":"(anonymous_4)","decl":{"start":{"line":39,"column":16},"end":{"line":39,"column":17}},"loc":{"start":{"line":39,"column":22},"end":{"line":41,"column":9}},"line":39},"5":{"name":"(anonymous_5)","decl":{"start":{"line":41,"column":16},"end":{"line":41,"column":17}},"loc":{"start":{"line":41,"column":22},"end":{"line":50,"column":9}},"line":41},"6":{"name":"(anonymous_6)","decl":{"start":{"line":50,"column":16},"end":{"line":50,"column":17}},"loc":{"start":{"line":50,"column":22},"end":{"line":57,"column":9}},"line":50},"7":{"name":"(anonymous_7)","decl":{"start":{"line":57,"column":17},"end":{"line":57,"column":18}},"loc":{"start":{"line":57,"column":32},"end":{"line":59,"column":9}},"line":57},"8":{"name":"(anonymous_8)","decl":{"start":{"line":61,"column":4},"end":{"line":61,"column":5}},"loc":{"start":{"line":61,"column":23},"end":{"line":68,"column":5}},"line":61},"9":{"name":"(anonymous_9)","decl":{"start":{"line":69,"column":4},"end":{"line":69,"column":5}},"loc":{"start":{"line":69,"column":24},"end":{"line":81,"column":5}},"line":69},"10":{"name":"(anonymous_10)","decl":{"start":{"line":82,"column":4},"end":{"line":82,"column":5}},"loc":{"start":{"line":82,"column":24},"end":{"line":94,"column":5}},"line":82},"11":{"name":"(anonymous_11)","decl":{"start":{"line":95,"column":4},"end":{"line":95,"column":5}},"loc":{"start":{"line":95,"column":26},"end":{"line":136,"column":5}},"line":95},"12":{"name":"(anonymous_12)","decl":{"start":{"line":137,"column":4},"end":{"line":137,"column":5}},"loc":{"start":{"line":137,"column":25},"end":{"line":144,"column":5}},"line":137},"13":{"name":"(anonymous_13)","decl":{"start":{"line":145,"column":4},"end":{"line":145,"column":5}},"loc":{"start":{"line":145,"column":20},"end":{"line":147,"column":5}},"line":145}},"branchMap":{"0":{"loc":{"start":{"line":25,"column":8},"end":{"line":27,"column":9}},"type":"if","locations":[{"start":{"line":25,"column":8},"end":{"line":27,"column":9}},{"start":{"line":25,"column":8},"end":{"line":27,"column":9}}],"line":25},"1":{"loc":{"start":{"line":25,"column":12},"end":{"line":25,"column":102}},"type":"binary-expr","locations":[{"start":{"line":25,"column":12},"end":{"line":25,"column":32}},{"start":{"line":25,"column":36},"end":{"line":25,"column":61}},{"start":{"line":25,"column":65},"end":{"line":25,"column":79}},{"start":{"line":25,"column":83},"end":{"line":25,"column":102}}],"line":25},"2":{"loc":{"start":{"line":29,"column":8},"end":{"line":31,"column":9}},"type":"if","locations":[{"start":{"line":29,"column":8},"end":{"line":31,"column":9}},{"start":{"line":29,"column":8},"end":{"line":31,"column":9}}],"line":29},"3":{"loc":{"start":{"line":29,"column":12},"end":{"line":29,"column":106}},"type":"binary-expr","locations":[{"start":{"line":29,"column":12},"end":{"line":29,"column":30}},{"start":{"line":29,"column":34},"end":{"line":29,"column":56}},{"start":{"line":29,"column":60},"end":{"line":29,"column":84}},{"start":{"line":29,"column":88},"end":{"line":29,"column":106}}],"line":29},"4":{"loc":{"start":{"line":32,"column":8},"end":{"line":34,"column":9}},"type":"if","locations":[{"start":{"line":32,"column":8},"end":{"line":34,"column":9}},{"start":{"line":32,"column":8},"end":{"line":34,"column":9}}],"line":32},"5":{"loc":{"start":{"line":32,"column":12},"end":{"line":32,"column":68}},"type":"binary-expr","locations":[{"start":{"line":32,"column":12},"end":{"line":32,"column":32}},{"start":{"line":32,"column":36},"end":{"line":32,"column":68}}],"line":32},"6":{"loc":{"start":{"line":43,"column":12},"end":{"line":49,"column":13}},"type":"if","locations":[{"start":{"line":43,"column":12},"end":{"line":49,"column":13}},{"start":{"line":43,"column":12},"end":{"line":49,"column":13}}],"line":43},"7":{"loc":{"start":{"line":51,"column":12},"end":{"line":56,"column":13}},"type":"if","locations":[{"start":{"line":51,"column":12},"end":{"line":56,"column":13}},{"start":{"line":51,"column":12},"end":{"line":56,"column":13}}],"line":51},"8":{"loc":{"start":{"line":51,"column":16},"end":{"line":51,"column":68}},"type":"binary-expr","locations":[{"start":{"line":51,"column":16},"end":{"line":51,"column":40}},{"start":{"line":51,"column":44},"end":{"line":51,"column":68}}],"line":51},"9":{"loc":{"start":{"line":70,"column":8},"end":{"line":72,"column":9}},"type":"if","locations":[{"start":{"line":70,"column":8},"end":{"line":72,"column":9}},{"start":{"line":70,"column":8},"end":{"line":72,"column":9}}],"line":70},"10":{"loc":{"start":{"line":76,"column":12},"end":{"line":78,"column":13}},"type":"if","locations":[{"start":{"line":76,"column":12},"end":{"line":78,"column":13}},{"start":{"line":76,"column":12},"end":{"line":78,"column":13}}],"line":76},"11":{"loc":{"start":{"line":83,"column":8},"end":{"line":85,"column":9}},"type":"if","locations":[{"start":{"line":83,"column":8},"end":{"line":85,"column":9}},{"start":{"line":83,"column":8},"end":{"line":85,"column":9}}],"line":83},"12":{"loc":{"start":{"line":89,"column":12},"end":{"line":91,"column":13}},"type":"if","locations":[{"start":{"line":89,"column":12},"end":{"line":91,"column":13}},{"start":{"line":89,"column":12},"end":{"line":91,"column":13}}],"line":89},"13":{"loc":{"start":{"line":96,"column":8},"end":{"line":98,"column":9}},"type":"if","locations":[{"start":{"line":96,"column":8},"end":{"line":98,"column":9}},{"start":{"line":96,"column":8},"end":{"line":98,"column":9}}],"line":96},"14":{"loc":{"start":{"line":99,"column":8},"end":{"line":101,"column":9}},"type":"if","locations":[{"start":{"line":99,"column":8},"end":{"line":101,"column":9}},{"start":{"line":99,"column":8},"end":{"line":101,"column":9}}],"line":99},"15":{"loc":{"start":{"line":106,"column":12},"end":{"line":109,"column":13}},"type":"if","locations":[{"start":{"line":106,"column":12},"end":{"line":109,"column":13}},{"start":{"line":106,"column":12},"end":{"line":109,"column":13}}],"line":106},"16":{"loc":{"start":{"line":111,"column":8},"end":{"line":113,"column":9}},"type":"if","locations":[{"start":{"line":111,"column":8},"end":{"line":113,"column":9}},{"start":{"line":111,"column":8},"end":{"line":113,"column":9}}],"line":111},"17":{"loc":{"start":{"line":115,"column":12},"end":{"line":117,"column":13}},"type":"if","locations":[{"start":{"line":115,"column":12},"end":{"line":117,"column":13}},{"start":{"line":115,"column":12},"end":{"line":117,"column":13}}],"line":115},"18":{"loc":{"start":{"line":121,"column":12},"end":{"line":123,"column":13}},"type":"if","locations":[{"start":{"line":121,"column":12},"end":{"line":123,"column":13}},{"start":{"line":121,"column":12},"end":{"line":123,"column":13}}],"line":121},"19":{"loc":{"start":{"line":121,"column":16},"end":{"line":121,"column":65}},"type":"binary-expr","locations":[{"start":{"line":121,"column":16},"end":{"line":121,"column":35}},{"start":{"line":121,"column":39},"end":{"line":121,"column":65}}],"line":121},"20":{"loc":{"start":{"line":124,"column":12},"end":{"line":133,"column":13}},"type":"if","locations":[{"start":{"line":124,"column":12},"end":{"line":133,"column":13}},{"start":{"line":124,"column":12},"end":{"line":133,"column":13}}],"line":124},"21":{"loc":{"start":{"line":125,"column":16},"end":{"line":127,"column":17}},"type":"if","locations":[{"start":{"line":125,"column":16},"end":{"line":127,"column":17}},{"start":{"line":125,"column":16},"end":{"line":127,"column":17}}],"line":125},"22":{"loc":{"start":{"line":129,"column":17},"end":{"line":133,"column":13}},"type":"if","locations":[{"start":{"line":129,"column":17},"end":{"line":133,"column":13}},{"start":{"line":129,"column":17},"end":{"line":133,"column":13}}],"line":129},"23":{"loc":{"start":{"line":130,"column":16},"end":{"line":132,"column":17}},"type":"if","locations":[{"start":{"line":130,"column":16},"end":{"line":132,"column":17}},{"start":{"line":130,"column":16},"end":{"line":132,"column":17}}],"line":130},"24":{"loc":{"start":{"line":139,"column":12},"end":{"line":141,"column":13}},"type":"if","locations":[{"start":{"line":139,"column":12},"end":{"line":141,"column":13}},{"start":{"line":139,"column":12},"end":{"line":141,"column":13}}],"line":139}},"s":{"0":1,"1":1,"2":1,"3":1,"4":1,"5":1,"6":141,"7":141,"8":141,"9":141,"10":141,"11":141,"12":141,"13":141,"14":141,"15":141,"16":141,"17":141,"18":141,"19":141,"20":1,"21":140,"22":140,"23":5,"24":135,"25":1,"26":134,"27":134,"28":106,"29":98,"30":83,"31":83,"32":62,"33":62,"34":21,"35":82,"36":76,"37":6,"38":65,"39":83,"40":83,"41":83,"42":83,"43":83,"44":83,"45":82,"46":22,"47":60,"48":101,"49":101,"50":101,"51":4,"52":56,"53":78,"54":49,"55":29,"56":37,"57":37,"58":37,"59":2,"60":27,"61":76,"62":0,"63":76,"64":0,"65":76,"66":76,"67":76,"68":76,"69":148,"70":75,"71":75,"72":76,"73":1,"74":75,"75":370,"76":1,"77":369,"78":369,"79":369,"80":369,"81":3,"82":366,"83":265,"84":1,"85":101,"86":101,"87":1,"88":69,"89":21,"90":80,"91":1,"92":20,"93":62,"94":1},"f":{"0":141,"1":141,"2":134,"3":106,"4":98,"5":83,"6":82,"7":65,"8":83,"9":82,"10":78,"11":76,"12":21,"13":62},"b":{"0":[1,140],"1":[141,141,140,140],"2":[5,135],"3":[140,135,0,135],"4":[1,134],"5":[135,37],"6":[62,21],"7":[76,6],"8":[82,78],"9":[22,60],"10":[4,97],"11":[49,29],"12":[2,35],"13":[0,76],"14":[0,76],"15":[75,73],"16":[1,75],"17":[1,369],"18":[3,366],"19":[369,368],"20":[265,101],"21":[1,264],"22":[101,0],"23":[1,100],"24":[1,79]},"_coverageSchema":"332fd63041d2c1bcb487cc26dd0d5f7d97098a6c","hash":"4c49740edc0b3ac4a4b3ea79bb9bb921914704d3","contentHash":"0a42978925f3958ea3ad51c3df9023b5_11.3.0"},"C:\\Users\\Helen\\WebstormProjects\\project_team211\\src\\Validator\\WhereValidator.js":{"path":"C:\\Users\\Helen\\WebstormProjects\\project_team211\\src\\Validator\\WhereValidator.js","statementMap":{"0":{"start":{"line":2,"column":0},"end":{"line":2,"column":62}},"1":{"start":{"line":3,"column":15},"end":{"line":3,"column":33}},"2":{"start":{"line":4,"column":25},"end":{"line":4,"column":64}},"3":{"start":{"line":7,"column":8},"end":{"line":7,"column":23}},"4":{"start":{"line":8,"column":8},"end":{"line":8,"column":23}},"5":{"start":{"line":11,"column":8},"end":{"line":13,"column":9}},"6":{"start":{"line":12,"column":12},"end":{"line":12,"column":71}},"7":{"start":{"line":14,"column":8},"end":{"line":16,"column":11}},"8":{"start":{"line":15,"column":12},"end":{"line":15,"column":39}},"9":{"start":{"line":19,"column":8},"end":{"line":25,"column":9}},"10":{"start":{"line":20,"column":12},"end":{"line":20,"column":37}},"11":{"start":{"line":23,"column":12},"end":{"line":23,"column":84}},"12":{"start":{"line":24,"column":12},"end":{"line":24,"column":95}},"13":{"start":{"line":28,"column":8},"end":{"line":31,"column":9}},"14":{"start":{"line":29,"column":12},"end":{"line":29,"column":70}},"15":{"start":{"line":30,"column":12},"end":{"line":30,"column":25}},"16":{"start":{"line":32,"column":26},"end":{"line":32,"column":48}},"17":{"start":{"line":33,"column":8},"end":{"line":75,"column":9}},"18":{"start":{"line":34,"column":34},"end":{"line":34,"column":53}},"19":{"start":{"line":35,"column":12},"end":{"line":38,"column":13}},"20":{"start":{"line":36,"column":16},"end":{"line":36,"column":74}},"21":{"start":{"line":37,"column":16},"end":{"line":37,"column":29}},"22":{"start":{"line":39,"column":22},"end":{"line":39,"column":53}},"23":{"start":{"line":40,"column":24},"end":{"line":40,"column":44}},"24":{"start":{"line":41,"column":12},"end":{"line":47,"column":13}},"25":{"start":{"line":42,"column":16},"end":{"line":45,"column":17}},"26":{"start":{"line":43,"column":20},"end":{"line":43,"column":78}},"27":{"start":{"line":44,"column":20},"end":{"line":44,"column":33}},"28":{"start":{"line":46,"column":16},"end":{"line":46,"column":36}},"29":{"start":{"line":48,"column":12},"end":{"line":54,"column":13}},"30":{"start":{"line":49,"column":16},"end":{"line":52,"column":17}},"31":{"start":{"line":50,"column":20},"end":{"line":50,"column":78}},"32":{"start":{"line":51,"column":20},"end":{"line":51,"column":33}},"33":{"start":{"line":53,"column":16},"end":{"line":53,"column":36}},"34":{"start":{"line":56,"column":13},"end":{"line":75,"column":9}},"35":{"start":{"line":57,"column":12},"end":{"line":59,"column":13}},"36":{"start":{"line":58,"column":16},"end":{"line":58,"column":29}},"37":{"start":{"line":60,"column":22},"end":{"line":60,"column":26}},"38":{"start":{"line":61,"column":12},"end":{"line":63,"column":13}},"39":{"start":{"line":62,"column":16},"end":{"line":62,"column":55}},"40":{"start":{"line":64,"column":12},"end":{"line":64,"column":23}},"41":{"start":{"line":66,"column":13},"end":{"line":75,"column":9}},"42":{"start":{"line":67,"column":12},"end":{"line":70,"column":13}},"43":{"start":{"line":69,"column":16},"end":{"line":69,"column":29}},"44":{"start":{"line":71,"column":12},"end":{"line":71,"column":53}},"45":{"start":{"line":74,"column":12},"end":{"line":74,"column":25}},"46":{"start":{"line":76,"column":8},"end":{"line":76,"column":20}},"47":{"start":{"line":79,"column":8},"end":{"line":81,"column":9}},"48":{"start":{"line":80,"column":12},"end":{"line":80,"column":25}},"49":{"start":{"line":82,"column":8},"end":{"line":84,"column":9}},"50":{"start":{"line":83,"column":12},"end":{"line":83,"column":25}},"51":{"start":{"line":85,"column":8},"end":{"line":85,"column":20}},"52":{"start":{"line":88,"column":8},"end":{"line":88,"column":39}},"53":{"start":{"line":91,"column":8},"end":{"line":96,"column":9}},"54":{"start":{"line":92,"column":12},"end":{"line":92,"column":25}},"55":{"start":{"line":95,"column":12},"end":{"line":95,"column":49}},"56":{"start":{"line":99,"column":8},"end":{"line":102,"column":9}},"57":{"start":{"line":100,"column":12},"end":{"line":100,"column":68}},"58":{"start":{"line":101,"column":12},"end":{"line":101,"column":25}},"59":{"start":{"line":103,"column":8},"end":{"line":103,"column":20}},"60":{"start":{"line":106,"column":8},"end":{"line":106,"column":25}},"61":{"start":{"line":109,"column":8},"end":{"line":109,"column":25}},"62":{"start":{"line":112,"column":0},"end":{"line":112,"column":40}}},"fnMap":{"0":{"name":"(anonymous_0)","decl":{"start":{"line":6,"column":4},"end":{"line":6,"column":5}},"loc":{"start":{"line":6,"column":18},"end":{"line":9,"column":5}},"line":6},"1":{"name":"(anonymous_1)","decl":{"start":{"line":10,"column":4},"end":{"line":10,"column":5}},"loc":{"start":{"line":10,"column":25},"end":{"line":17,"column":5}},"line":10},"2":{"name":"(anonymous_2)","decl":{"start":{"line":14,"column":64},"end":{"line":14,"column":65}},"loc":{"start":{"line":14,"column":79},"end":{"line":16,"column":9}},"line":14},"3":{"name":"(anonymous_3)","decl":{"start":{"line":18,"column":4},"end":{"line":18,"column":5}},"loc":{"start":{"line":18,"column":49},"end":{"line":26,"column":5}},"line":18},"4":{"name":"(anonymous_4)","decl":{"start":{"line":27,"column":4},"end":{"line":27,"column":5}},"loc":{"start":{"line":27,"column":26},"end":{"line":77,"column":5}},"line":27},"5":{"name":"(anonymous_5)","decl":{"start":{"line":78,"column":4},"end":{"line":78,"column":5}},"loc":{"start":{"line":78,"column":43},"end":{"line":86,"column":5}},"line":78},"6":{"name":"(anonymous_6)","decl":{"start":{"line":87,"column":4},"end":{"line":87,"column":5}},"loc":{"start":{"line":87,"column":23},"end":{"line":89,"column":5}},"line":87},"7":{"name":"(anonymous_7)","decl":{"start":{"line":90,"column":4},"end":{"line":90,"column":5}},"loc":{"start":{"line":90,"column":19},"end":{"line":97,"column":5}},"line":90},"8":{"name":"(anonymous_8)","decl":{"start":{"line":98,"column":4},"end":{"line":98,"column":5}},"loc":{"start":{"line":98,"column":23},"end":{"line":104,"column":5}},"line":98},"9":{"name":"(anonymous_9)","decl":{"start":{"line":105,"column":4},"end":{"line":105,"column":5}},"loc":{"start":{"line":105,"column":14},"end":{"line":107,"column":5}},"line":105},"10":{"name":"(anonymous_10)","decl":{"start":{"line":108,"column":4},"end":{"line":108,"column":5}},"loc":{"start":{"line":108,"column":14},"end":{"line":110,"column":5}},"line":108}},"branchMap":{"0":{"loc":{"start":{"line":11,"column":8},"end":{"line":13,"column":9}},"type":"if","locations":[{"start":{"line":11,"column":8},"end":{"line":13,"column":9}},{"start":{"line":11,"column":8},"end":{"line":13,"column":9}}],"line":11},"1":{"loc":{"start":{"line":11,"column":12},"end":{"line":11,"column":102}},"type":"binary-expr","locations":[{"start":{"line":11,"column":12},"end":{"line":11,"column":31}},{"start":{"line":11,"column":35},"end":{"line":11,"column":49}},{"start":{"line":11,"column":53},"end":{"line":11,"column":73}},{"start":{"line":11,"column":77},"end":{"line":11,"column":102}}],"line":11},"2":{"loc":{"start":{"line":19,"column":8},"end":{"line":25,"column":9}},"type":"if","locations":[{"start":{"line":19,"column":8},"end":{"line":25,"column":9}},{"start":{"line":19,"column":8},"end":{"line":25,"column":9}}],"line":19},"3":{"loc":{"start":{"line":19,"column":12},"end":{"line":19,"column":86}},"type":"binary-expr","locations":[{"start":{"line":19,"column":12},"end":{"line":19,"column":50}},{"start":{"line":19,"column":54},"end":{"line":19,"column":86}}],"line":19},"4":{"loc":{"start":{"line":28,"column":8},"end":{"line":31,"column":9}},"type":"if","locations":[{"start":{"line":28,"column":8},"end":{"line":31,"column":9}},{"start":{"line":28,"column":8},"end":{"line":31,"column":9}}],"line":28},"5":{"loc":{"start":{"line":33,"column":8},"end":{"line":75,"column":9}},"type":"if","locations":[{"start":{"line":33,"column":8},"end":{"line":75,"column":9}},{"start":{"line":33,"column":8},"end":{"line":75,"column":9}}],"line":33},"6":{"loc":{"start":{"line":35,"column":12},"end":{"line":38,"column":13}},"type":"if","locations":[{"start":{"line":35,"column":12},"end":{"line":38,"column":13}},{"start":{"line":35,"column":12},"end":{"line":38,"column":13}}],"line":35},"7":{"loc":{"start":{"line":41,"column":12},"end":{"line":47,"column":13}},"type":"if","locations":[{"start":{"line":41,"column":12},"end":{"line":47,"column":13}},{"start":{"line":41,"column":12},"end":{"line":47,"column":13}}],"line":41},"8":{"loc":{"start":{"line":42,"column":16},"end":{"line":45,"column":17}},"type":"if","locations":[{"start":{"line":42,"column":16},"end":{"line":45,"column":17}},{"start":{"line":42,"column":16},"end":{"line":45,"column":17}}],"line":42},"9":{"loc":{"start":{"line":48,"column":12},"end":{"line":54,"column":13}},"type":"if","locations":[{"start":{"line":48,"column":12},"end":{"line":54,"column":13}},{"start":{"line":48,"column":12},"end":{"line":54,"column":13}}],"line":48},"10":{"loc":{"start":{"line":48,"column":16},"end":{"line":48,"column":84}},"type":"binary-expr","locations":[{"start":{"line":48,"column":16},"end":{"line":48,"column":36}},{"start":{"line":48,"column":40},"end":{"line":48,"column":60}},{"start":{"line":48,"column":64},"end":{"line":48,"column":84}}],"line":48},"11":{"loc":{"start":{"line":49,"column":16},"end":{"line":52,"column":17}},"type":"if","locations":[{"start":{"line":49,"column":16},"end":{"line":52,"column":17}},{"start":{"line":49,"column":16},"end":{"line":52,"column":17}}],"line":49},"12":{"loc":{"start":{"line":56,"column":13},"end":{"line":75,"column":9}},"type":"if","locations":[{"start":{"line":56,"column":13},"end":{"line":75,"column":9}},{"start":{"line":56,"column":13},"end":{"line":75,"column":9}}],"line":56},"13":{"loc":{"start":{"line":56,"column":17},"end":{"line":56,"column":62}},"type":"binary-expr","locations":[{"start":{"line":56,"column":17},"end":{"line":56,"column":38}},{"start":{"line":56,"column":42},"end":{"line":56,"column":62}}],"line":56},"14":{"loc":{"start":{"line":57,"column":12},"end":{"line":59,"column":13}},"type":"if","locations":[{"start":{"line":57,"column":12},"end":{"line":59,"column":13}},{"start":{"line":57,"column":12},"end":{"line":59,"column":13}}],"line":57},"15":{"loc":{"start":{"line":57,"column":16},"end":{"line":57,"column":87}},"type":"binary-expr","locations":[{"start":{"line":57,"column":16},"end":{"line":57,"column":51}},{"start":{"line":57,"column":55},"end":{"line":57,"column":87}}],"line":57},"16":{"loc":{"start":{"line":62,"column":22},"end":{"line":62,"column":54}},"type":"binary-expr","locations":[{"start":{"line":62,"column":22},"end":{"line":62,"column":25}},{"start":{"line":62,"column":29},"end":{"line":62,"column":54}}],"line":62},"17":{"loc":{"start":{"line":66,"column":13},"end":{"line":75,"column":9}},"type":"if","locations":[{"start":{"line":66,"column":13},"end":{"line":75,"column":9}},{"start":{"line":66,"column":13},"end":{"line":75,"column":9}}],"line":66},"18":{"loc":{"start":{"line":67,"column":12},"end":{"line":70,"column":13}},"type":"if","locations":[{"start":{"line":67,"column":12},"end":{"line":70,"column":13}},{"start":{"line":67,"column":12},"end":{"line":70,"column":13}}],"line":67},"19":{"loc":{"start":{"line":67,"column":16},"end":{"line":68,"column":37}},"type":"binary-expr","locations":[{"start":{"line":67,"column":16},"end":{"line":67,"column":38}},{"start":{"line":67,"column":42},"end":{"line":67,"column":69}},{"start":{"line":67,"column":73},"end":{"line":67,"column":112}},{"start":{"line":68,"column":16},"end":{"line":68,"column":37}}],"line":67},"20":{"loc":{"start":{"line":79,"column":8},"end":{"line":81,"column":9}},"type":"if","locations":[{"start":{"line":79,"column":8},"end":{"line":81,"column":9}},{"start":{"line":79,"column":8},"end":{"line":81,"column":9}}],"line":79},"21":{"loc":{"start":{"line":79,"column":12},"end":{"line":79,"column":102}},"type":"binary-expr","locations":[{"start":{"line":79,"column":12},"end":{"line":79,"column":31}},{"start":{"line":79,"column":35},"end":{"line":79,"column":49}},{"start":{"line":79,"column":53},"end":{"line":79,"column":78}},{"start":{"line":79,"column":82},"end":{"line":79,"column":102}}],"line":79},"22":{"loc":{"start":{"line":82,"column":8},"end":{"line":84,"column":9}},"type":"if","locations":[{"start":{"line":82,"column":8},"end":{"line":84,"column":9}},{"start":{"line":82,"column":8},"end":{"line":84,"column":9}}],"line":82},"23":{"loc":{"start":{"line":82,"column":12},"end":{"line":82,"column":77}},"type":"binary-expr","locations":[{"start":{"line":82,"column":12},"end":{"line":82,"column":53}},{"start":{"line":82,"column":57},"end":{"line":82,"column":77}}],"line":82},"24":{"loc":{"start":{"line":91,"column":8},"end":{"line":96,"column":9}},"type":"if","locations":[{"start":{"line":91,"column":8},"end":{"line":96,"column":9}},{"start":{"line":91,"column":8},"end":{"line":96,"column":9}}],"line":91},"25":{"loc":{"start":{"line":91,"column":12},"end":{"line":91,"column":68}},"type":"binary-expr","locations":[{"start":{"line":91,"column":12},"end":{"line":91,"column":37}},{"start":{"line":91,"column":41},"end":{"line":91,"column":68}}],"line":91},"26":{"loc":{"start":{"line":99,"column":8},"end":{"line":102,"column":9}},"type":"if","locations":[{"start":{"line":99,"column":8},"end":{"line":102,"column":9}},{"start":{"line":99,"column":8},"end":{"line":102,"column":9}}],"line":99}},"s":{"0":1,"1":1,"2":1,"3":141,"4":141,"5":134,"6":2,"7":132,"8":26,"9":132,"10":106,"11":26,"12":26,"13":186,"14":1,"15":1,"16":185,"17":185,"18":132,"19":132,"20":6,"21":6,"22":126,"23":126,"24":126,"25":42,"26":5,"27":5,"28":37,"29":121,"30":84,"31":2,"32":2,"33":82,"34":53,"35":38,"36":6,"37":32,"38":32,"39":73,"40":32,"41":15,"42":10,"43":1,"44":9,"45":5,"46":119,"47":318,"48":0,"49":318,"50":7,"51":311,"52":311,"53":42,"54":5,"55":37,"56":84,"57":2,"58":2,"59":82,"60":83,"61":83,"62":1},"f":{"0":141,"1":134,"2":26,"3":132,"4":186,"5":318,"6":311,"7":42,"8":84,"9":83,"10":83},"b":{"0":[2,132],"1":[134,134,132,132],"2":[106,26],"3":[132,107],"4":[1,185],"5":[132,53],"6":[6,126],"7":[42,84],"8":[5,37],"9":[84,37],"10":[121,102,86],"11":[2,82],"12":[38,15],"13":[53,29],"14":[6,32],"15":[38,36],"16":[73,70],"17":[10,5],"18":[1,9],"19":[10,10,10,9],"20":[0,318],"21":[318,318,318,318],"22":[7,311],"23":[318,7],"24":[5,37],"25":[42,39],"26":[2,82]},"_coverageSchema":"332fd63041d2c1bcb487cc26dd0d5f7d97098a6c","hash":"4a180d26183ccc4e55fff1a3cd04e7dd32970eb0","contentHash":"cd701461e150cb5094bf496dff3c04b0_11.3.0"},"C:\\Users\\Helen\\WebstormProjects\\project_team211\\src\\Validator\\OptionsValidator.js":{"path":"C:\\Users\\Helen\\WebstormProjects\\project_team211\\src\\Validator\\OptionsValidator.js","statementMap":{"0":{"start":{"line":2,"column":0},"end":{"line":2,"column":62}},"1":{"start":{"line":3,"column":25},"end":{"line":3,"column":64}},"2":{"start":{"line":6,"column":8},"end":{"line":6,"column":29}},"3":{"start":{"line":7,"column":8},"end":{"line":7,"column":27}},"4":{"start":{"line":10,"column":8},"end":{"line":12,"column":9}},"5":{"start":{"line":11,"column":12},"end":{"line":11,"column":96}},"6":{"start":{"line":13,"column":8},"end":{"line":15,"column":9}},"7":{"start":{"line":14,"column":12},"end":{"line":14,"column":90}},"8":{"start":{"line":16,"column":8},"end":{"line":28,"column":11}},"9":{"start":{"line":17,"column":12},"end":{"line":25,"column":13}},"10":{"start":{"line":18,"column":16},"end":{"line":20,"column":17}},"11":{"start":{"line":19,"column":20},"end":{"line":19,"column":95}},"12":{"start":{"line":21,"column":16},"end":{"line":21,"column":60}},"13":{"start":{"line":24,"column":16},"end":{"line":24,"column":41}},"14":{"start":{"line":27,"column":12},"end":{"line":27,"column":39}},"15":{"start":{"line":31,"column":8},"end":{"line":33,"column":9}},"16":{"start":{"line":32,"column":12},"end":{"line":32,"column":25}},"17":{"start":{"line":34,"column":8},"end":{"line":34,"column":20}},"18":{"start":{"line":37,"column":8},"end":{"line":37,"column":31}},"19":{"start":{"line":40,"column":8},"end":{"line":42,"column":9}},"20":{"start":{"line":41,"column":12},"end":{"line":41,"column":25}},"21":{"start":{"line":43,"column":8},"end":{"line":52,"column":9}},"22":{"start":{"line":44,"column":12},"end":{"line":46,"column":13}},"23":{"start":{"line":45,"column":16},"end":{"line":45,"column":29}},"24":{"start":{"line":49,"column":12},"end":{"line":51,"column":13}},"25":{"start":{"line":50,"column":16},"end":{"line":50,"column":29}},"26":{"start":{"line":53,"column":8},"end":{"line":53,"column":20}},"27":{"start":{"line":56,"column":8},"end":{"line":58,"column":9}},"28":{"start":{"line":57,"column":12},"end":{"line":57,"column":95}},"29":{"start":{"line":59,"column":8},"end":{"line":61,"column":9}},"30":{"start":{"line":60,"column":12},"end":{"line":60,"column":38}},"31":{"start":{"line":62,"column":8},"end":{"line":62,"column":33}},"32":{"start":{"line":65,"column":8},"end":{"line":67,"column":9}},"33":{"start":{"line":66,"column":12},"end":{"line":66,"column":93}},"34":{"start":{"line":68,"column":8},"end":{"line":72,"column":9}},"35":{"start":{"line":69,"column":12},"end":{"line":71,"column":13}},"36":{"start":{"line":70,"column":16},"end":{"line":70,"column":103}},"37":{"start":{"line":73,"column":8},"end":{"line":73,"column":33}},"38":{"start":{"line":76,"column":8},"end":{"line":78,"column":9}},"39":{"start":{"line":77,"column":12},"end":{"line":77,"column":25}},"40":{"start":{"line":79,"column":8},"end":{"line":81,"column":9}},"41":{"start":{"line":80,"column":12},"end":{"line":80,"column":25}},"42":{"start":{"line":82,"column":8},"end":{"line":84,"column":9}},"43":{"start":{"line":83,"column":12},"end":{"line":83,"column":25}},"44":{"start":{"line":85,"column":8},"end":{"line":87,"column":9}},"45":{"start":{"line":86,"column":12},"end":{"line":86,"column":25}},"46":{"start":{"line":88,"column":8},"end":{"line":90,"column":9}},"47":{"start":{"line":89,"column":12},"end":{"line":89,"column":41}},"48":{"start":{"line":91,"column":8},"end":{"line":91,"column":20}},"49":{"start":{"line":94,"column":8},"end":{"line":96,"column":9}},"50":{"start":{"line":95,"column":12},"end":{"line":95,"column":25}},"51":{"start":{"line":97,"column":8},"end":{"line":97,"column":34}},"52":{"start":{"line":98,"column":8},"end":{"line":98,"column":20}},"53":{"start":{"line":101,"column":0},"end":{"line":101,"column":44}}},"fnMap":{"0":{"name":"(anonymous_0)","decl":{"start":{"line":5,"column":4},"end":{"line":5,"column":5}},"loc":{"start":{"line":5,"column":18},"end":{"line":8,"column":5}},"line":5},"1":{"name":"(anonymous_1)","decl":{"start":{"line":9,"column":4},"end":{"line":9,"column":5}},"loc":{"start":{"line":9,"column":27},"end":{"line":29,"column":5}},"line":9},"2":{"name":"(anonymous_2)","decl":{"start":{"line":16,"column":58},"end":{"line":16,"column":59}},"loc":{"start":{"line":16,"column":64},"end":{"line":26,"column":9}},"line":16},"3":{"name":"(anonymous_3)","decl":{"start":{"line":26,"column":17},"end":{"line":26,"column":18}},"loc":{"start":{"line":26,"column":32},"end":{"line":28,"column":9}},"line":26},"4":{"name":"(anonymous_4)","decl":{"start":{"line":30,"column":4},"end":{"line":30,"column":5}},"loc":{"start":{"line":30,"column":43},"end":{"line":35,"column":5}},"line":30},"5":{"name":"(anonymous_5)","decl":{"start":{"line":36,"column":4},"end":{"line":36,"column":5}},"loc":{"start":{"line":36,"column":20},"end":{"line":38,"column":5}},"line":36},"6":{"name":"(anonymous_6)","decl":{"start":{"line":39,"column":4},"end":{"line":39,"column":5}},"loc":{"start":{"line":39,"column":50},"end":{"line":54,"column":5}},"line":39},"7":{"name":"(anonymous_7)","decl":{"start":{"line":55,"column":4},"end":{"line":55,"column":5}},"loc":{"start":{"line":55,"column":31},"end":{"line":63,"column":5}},"line":55},"8":{"name":"(anonymous_8)","decl":{"start":{"line":64,"column":4},"end":{"line":64,"column":5}},"loc":{"start":{"line":64,"column":30},"end":{"line":74,"column":5}},"line":64},"9":{"name":"(anonymous_9)","decl":{"start":{"line":75,"column":4},"end":{"line":75,"column":5}},"loc":{"start":{"line":75,"column":28},"end":{"line":92,"column":5}},"line":75},"10":{"name":"(anonymous_10)","decl":{"start":{"line":93,"column":4},"end":{"line":93,"column":5}},"loc":{"start":{"line":93,"column":30},"end":{"line":99,"column":5}},"line":93}},"branchMap":{"0":{"loc":{"start":{"line":10,"column":8},"end":{"line":12,"column":9}},"type":"if","locations":[{"start":{"line":10,"column":8},"end":{"line":12,"column":9}},{"start":{"line":10,"column":8},"end":{"line":12,"column":9}}],"line":10},"1":{"loc":{"start":{"line":10,"column":14},"end":{"line":10,"column":104}},"type":"binary-expr","locations":[{"start":{"line":10,"column":14},"end":{"line":10,"column":57}},{"start":{"line":10,"column":61},"end":{"line":10,"column":104}}],"line":10},"2":{"loc":{"start":{"line":13,"column":8},"end":{"line":15,"column":9}},"type":"if","locations":[{"start":{"line":13,"column":8},"end":{"line":15,"column":9}},{"start":{"line":13,"column":8},"end":{"line":15,"column":9}}],"line":13},"3":{"loc":{"start":{"line":17,"column":12},"end":{"line":25,"column":13}},"type":"if","locations":[{"start":{"line":17,"column":12},"end":{"line":25,"column":13}},{"start":{"line":17,"column":12},"end":{"line":25,"column":13}}],"line":17},"4":{"loc":{"start":{"line":18,"column":16},"end":{"line":20,"column":17}},"type":"if","locations":[{"start":{"line":18,"column":16},"end":{"line":20,"column":17}},{"start":{"line":18,"column":16},"end":{"line":20,"column":17}}],"line":18},"5":{"loc":{"start":{"line":31,"column":8},"end":{"line":33,"column":9}},"type":"if","locations":[{"start":{"line":31,"column":8},"end":{"line":33,"column":9}},{"start":{"line":31,"column":8},"end":{"line":33,"column":9}}],"line":31},"6":{"loc":{"start":{"line":40,"column":8},"end":{"line":42,"column":9}},"type":"if","locations":[{"start":{"line":40,"column":8},"end":{"line":42,"column":9}},{"start":{"line":40,"column":8},"end":{"line":42,"column":9}}],"line":40},"7":{"loc":{"start":{"line":40,"column":12},"end":{"line":40,"column":78}},"type":"binary-expr","locations":[{"start":{"line":40,"column":12},"end":{"line":40,"column":31}},{"start":{"line":40,"column":35},"end":{"line":40,"column":49}},{"start":{"line":40,"column":53},"end":{"line":40,"column":78}}],"line":40},"8":{"loc":{"start":{"line":43,"column":8},"end":{"line":52,"column":9}},"type":"if","locations":[{"start":{"line":43,"column":8},"end":{"line":52,"column":9}},{"start":{"line":43,"column":8},"end":{"line":52,"column":9}}],"line":43},"9":{"loc":{"start":{"line":44,"column":12},"end":{"line":46,"column":13}},"type":"if","locations":[{"start":{"line":44,"column":12},"end":{"line":46,"column":13}},{"start":{"line":44,"column":12},"end":{"line":46,"column":13}}],"line":44},"10":{"loc":{"start":{"line":44,"column":16},"end":{"line":44,"column":68}},"type":"binary-expr","locations":[{"start":{"line":44,"column":16},"end":{"line":44,"column":32}},{"start":{"line":44,"column":36},"end":{"line":44,"column":68}}],"line":44},"11":{"loc":{"start":{"line":49,"column":12},"end":{"line":51,"column":13}},"type":"if","locations":[{"start":{"line":49,"column":12},"end":{"line":51,"column":13}},{"start":{"line":49,"column":12},"end":{"line":51,"column":13}}],"line":49},"12":{"loc":{"start":{"line":56,"column":8},"end":{"line":58,"column":9}},"type":"if","locations":[{"start":{"line":56,"column":8},"end":{"line":58,"column":9}},{"start":{"line":56,"column":8},"end":{"line":58,"column":9}}],"line":56},"13":{"loc":{"start":{"line":65,"column":8},"end":{"line":67,"column":9}},"type":"if","locations":[{"start":{"line":65,"column":8},"end":{"line":67,"column":9}},{"start":{"line":65,"column":8},"end":{"line":67,"column":9}}],"line":65},"14":{"loc":{"start":{"line":65,"column":14},"end":{"line":65,"column":76}},"type":"binary-expr","locations":[{"start":{"line":65,"column":14},"end":{"line":65,"column":42}},{"start":{"line":65,"column":46},"end":{"line":65,"column":76}}],"line":65},"15":{"loc":{"start":{"line":69,"column":12},"end":{"line":71,"column":13}},"type":"if","locations":[{"start":{"line":69,"column":12},"end":{"line":71,"column":13}},{"start":{"line":69,"column":12},"end":{"line":71,"column":13}}],"line":69},"16":{"loc":{"start":{"line":76,"column":8},"end":{"line":78,"column":9}},"type":"if","locations":[{"start":{"line":76,"column":8},"end":{"line":78,"column":9}},{"start":{"line":76,"column":8},"end":{"line":78,"column":9}}],"line":76},"17":{"loc":{"start":{"line":79,"column":8},"end":{"line":81,"column":9}},"type":"if","locations":[{"start":{"line":79,"column":8},"end":{"line":81,"column":9}},{"start":{"line":79,"column":8},"end":{"line":81,"column":9}}],"line":79},"18":{"loc":{"start":{"line":79,"column":12},"end":{"line":79,"column":89}},"type":"binary-expr","locations":[{"start":{"line":79,"column":12},"end":{"line":79,"column":48}},{"start":{"line":79,"column":52},"end":{"line":79,"column":89}}],"line":79},"19":{"loc":{"start":{"line":82,"column":8},"end":{"line":84,"column":9}},"type":"if","locations":[{"start":{"line":82,"column":8},"end":{"line":84,"column":9}},{"start":{"line":82,"column":8},"end":{"line":84,"column":9}}],"line":82},"20":{"loc":{"start":{"line":82,"column":14},"end":{"line":82,"column":56}},"type":"binary-expr","locations":[{"start":{"line":82,"column":14},"end":{"line":82,"column":32}},{"start":{"line":82,"column":36},"end":{"line":82,"column":56}}],"line":82},"21":{"loc":{"start":{"line":85,"column":8},"end":{"line":87,"column":9}},"type":"if","locations":[{"start":{"line":85,"column":8},"end":{"line":87,"column":9}},{"start":{"line":85,"column":8},"end":{"line":87,"column":9}}],"line":85},"22":{"loc":{"start":{"line":94,"column":8},"end":{"line":96,"column":9}},"type":"if","locations":[{"start":{"line":94,"column":8},"end":{"line":96,"column":9}},{"start":{"line":94,"column":8},"end":{"line":96,"column":9}}],"line":94}},"s":{"0":1,"1":1,"2":141,"3":141,"4":106,"5":1,"6":105,"7":1,"8":104,"9":102,"10":71,"11":0,"12":71,"13":31,"14":6,"15":193,"16":3,"17":190,"18":83,"19":370,"20":55,"21":315,"22":118,"23":1,"24":197,"25":76,"26":238,"27":104,"28":2,"29":102,"30":347,"31":102,"32":71,"33":2,"34":69,"35":74,"36":2,"37":67,"38":71,"39":55,"40":16,"41":1,"42":15,"43":0,"44":15,"45":0,"46":15,"47":20,"48":15,"49":56,"50":2,"51":54,"52":54,"53":1},"f":{"0":141,"1":106,"2":102,"3":6,"4":193,"5":83,"6":370,"7":104,"8":71,"9":71,"10":56},"b":{"0":[1,105],"1":[106,74],"2":[1,104],"3":[71,31],"4":[0,71],"5":[3,190],"6":[55,315],"7":[370,370,370],"8":[118,197],"9":[1,117],"10":[118,117],"11":[76,121],"12":[2,102],"13":[2,69],"14":[71,56],"15":[2,72],"16":[55,16],"17":[1,15],"18":[16,1],"19":[0,15],"20":[15,12],"21":[0,15],"22":[2,54]},"_coverageSchema":"332fd63041d2c1bcb487cc26dd0d5f7d97098a6c","hash":"a1b52d876b3cb512b1e416902fdc5ac67961f31d","contentHash":"5c6b199d6c12cbb44dc3355b8bf64370_11.3.0"},"C:\\Users\\Helen\\WebstormProjects\\project_team211\\src\\Validator\\TransformValidator.js":{"path":"C:\\Users\\Helen\\WebstormProjects\\project_team211\\src\\Validator\\TransformValidator.js","statementMap":{"0":{"start":{"line":2,"column":0},"end":{"line":2,"column":62}},"1":{"start":{"line":3,"column":25},"end":{"line":3,"column":64}},"2":{"start":{"line":4,"column":15},"end":{"line":4,"column":33}},"3":{"start":{"line":7,"column":8},"end":{"line":7,"column":28}},"4":{"start":{"line":8,"column":8},"end":{"line":8,"column":24}},"5":{"start":{"line":9,"column":8},"end":{"line":9,"column":26}},"6":{"start":{"line":10,"column":8},"end":{"line":10,"column":28}},"7":{"start":{"line":13,"column":8},"end":{"line":15,"column":9}},"8":{"start":{"line":14,"column":12},"end":{"line":14,"column":37}},"9":{"start":{"line":16,"column":8},"end":{"line":18,"column":9}},"10":{"start":{"line":17,"column":12},"end":{"line":17,"column":103}},"11":{"start":{"line":19,"column":8},"end":{"line":21,"column":9}},"12":{"start":{"line":20,"column":12},"end":{"line":20,"column":101}},"13":{"start":{"line":22,"column":8},"end":{"line":24,"column":9}},"14":{"start":{"line":23,"column":12},"end":{"line":23,"column":37}},"15":{"start":{"line":25,"column":8},"end":{"line":25,"column":96}},"16":{"start":{"line":28,"column":8},"end":{"line":31,"column":9}},"17":{"start":{"line":29,"column":12},"end":{"line":29,"column":54}},"18":{"start":{"line":30,"column":12},"end":{"line":30,"column":25}},"19":{"start":{"line":32,"column":8},"end":{"line":32,"column":20}},"20":{"start":{"line":35,"column":8},"end":{"line":37,"column":9}},"21":{"start":{"line":36,"column":12},"end":{"line":36,"column":25}},"22":{"start":{"line":38,"column":8},"end":{"line":40,"column":9}},"23":{"start":{"line":39,"column":12},"end":{"line":39,"column":40}},"24":{"start":{"line":41,"column":8},"end":{"line":41,"column":20}},"25":{"start":{"line":44,"column":8},"end":{"line":46,"column":9}},"26":{"start":{"line":45,"column":12},"end":{"line":45,"column":24}},"27":{"start":{"line":47,"column":8},"end":{"line":49,"column":9}},"28":{"start":{"line":48,"column":12},"end":{"line":48,"column":25}},"29":{"start":{"line":50,"column":8},"end":{"line":54,"column":9}},"30":{"start":{"line":51,"column":12},"end":{"line":53,"column":13}},"31":{"start":{"line":52,"column":16},"end":{"line":52,"column":29}},"32":{"start":{"line":55,"column":8},"end":{"line":55,"column":20}},"33":{"start":{"line":58,"column":8},"end":{"line":60,"column":9}},"34":{"start":{"line":59,"column":12},"end":{"line":59,"column":25}},"35":{"start":{"line":61,"column":23},"end":{"line":61,"column":48}},"36":{"start":{"line":62,"column":8},"end":{"line":64,"column":9}},"37":{"start":{"line":63,"column":12},"end":{"line":63,"column":25}},"38":{"start":{"line":65,"column":8},"end":{"line":68,"column":9}},"39":{"start":{"line":66,"column":12},"end":{"line":66,"column":42}},"40":{"start":{"line":67,"column":12},"end":{"line":67,"column":24}},"41":{"start":{"line":69,"column":8},"end":{"line":69,"column":21}},"42":{"start":{"line":72,"column":8},"end":{"line":74,"column":9}},"43":{"start":{"line":73,"column":12},"end":{"line":73,"column":25}},"44":{"start":{"line":75,"column":25},"end":{"line":75,"column":50}},"45":{"start":{"line":76,"column":18},"end":{"line":76,"column":45}},"46":{"start":{"line":77,"column":8},"end":{"line":84,"column":9}},"47":{"start":{"line":78,"column":12},"end":{"line":78,"column":33}},"48":{"start":{"line":79,"column":12},"end":{"line":79,"column":24}},"49":{"start":{"line":81,"column":13},"end":{"line":84,"column":9}},"50":{"start":{"line":82,"column":12},"end":{"line":82,"column":35}},"51":{"start":{"line":83,"column":12},"end":{"line":83,"column":24}},"52":{"start":{"line":85,"column":8},"end":{"line":85,"column":21}},"53":{"start":{"line":88,"column":8},"end":{"line":88,"column":30}},"54":{"start":{"line":91,"column":8},"end":{"line":91,"column":26}},"55":{"start":{"line":94,"column":8},"end":{"line":94,"column":28}},"56":{"start":{"line":97,"column":8},"end":{"line":97,"column":30}},"57":{"start":{"line":100,"column":8},"end":{"line":102,"column":9}},"58":{"start":{"line":101,"column":12},"end":{"line":101,"column":25}},"59":{"start":{"line":103,"column":8},"end":{"line":112,"column":9}},"60":{"start":{"line":104,"column":12},"end":{"line":106,"column":13}},"61":{"start":{"line":105,"column":16},"end":{"line":105,"column":29}},"62":{"start":{"line":109,"column":12},"end":{"line":111,"column":13}},"63":{"start":{"line":110,"column":16},"end":{"line":110,"column":29}},"64":{"start":{"line":113,"column":8},"end":{"line":113,"column":20}},"65":{"start":{"line":116,"column":0},"end":{"line":116,"column":48}}},"fnMap":{"0":{"name":"(anonymous_0)","decl":{"start":{"line":6,"column":4},"end":{"line":6,"column":5}},"loc":{"start":{"line":6,"column":18},"end":{"line":11,"column":5}},"line":6},"1":{"name":"(anonymous_1)","decl":{"start":{"line":12,"column":4},"end":{"line":12,"column":5}},"loc":{"start":{"line":12,"column":29},"end":{"line":26,"column":5}},"line":12},"2":{"name":"(anonymous_2)","decl":{"start":{"line":27,"column":4},"end":{"line":27,"column":5}},"loc":{"start":{"line":27,"column":43},"end":{"line":33,"column":5}},"line":27},"3":{"name":"(anonymous_3)","decl":{"start":{"line":34,"column":4},"end":{"line":34,"column":5}},"loc":{"start":{"line":34,"column":25},"end":{"line":42,"column":5}},"line":34},"4":{"name":"(anonymous_4)","decl":{"start":{"line":43,"column":4},"end":{"line":43,"column":5}},"loc":{"start":{"line":43,"column":25},"end":{"line":56,"column":5}},"line":43},"5":{"name":"(anonymous_5)","decl":{"start":{"line":57,"column":4},"end":{"line":57,"column":5}},"loc":{"start":{"line":57,"column":33},"end":{"line":70,"column":5}},"line":57},"6":{"name":"(anonymous_6)","decl":{"start":{"line":71,"column":4},"end":{"line":71,"column":5}},"loc":{"start":{"line":71,"column":32},"end":{"line":86,"column":5}},"line":71},"7":{"name":"(anonymous_7)","decl":{"start":{"line":87,"column":4},"end":{"line":87,"column":5}},"loc":{"start":{"line":87,"column":19},"end":{"line":89,"column":5}},"line":87},"8":{"name":"(anonymous_8)","decl":{"start":{"line":90,"column":4},"end":{"line":90,"column":5}},"loc":{"start":{"line":90,"column":15},"end":{"line":92,"column":5}},"line":90},"9":{"name":"(anonymous_9)","decl":{"start":{"line":93,"column":4},"end":{"line":93,"column":5}},"loc":{"start":{"line":93,"column":17},"end":{"line":95,"column":5}},"line":93},"10":{"name":"(anonymous_10)","decl":{"start":{"line":96,"column":4},"end":{"line":96,"column":5}},"loc":{"start":{"line":96,"column":19},"end":{"line":98,"column":5}},"line":96},"11":{"name":"(anonymous_11)","decl":{"start":{"line":99,"column":4},"end":{"line":99,"column":5}},"loc":{"start":{"line":99,"column":50},"end":{"line":114,"column":5}},"line":99}},"branchMap":{"0":{"loc":{"start":{"line":13,"column":8},"end":{"line":15,"column":9}},"type":"if","locations":[{"start":{"line":13,"column":8},"end":{"line":15,"column":9}},{"start":{"line":13,"column":8},"end":{"line":15,"column":9}}],"line":13},"1":{"loc":{"start":{"line":16,"column":8},"end":{"line":18,"column":9}},"type":"if","locations":[{"start":{"line":16,"column":8},"end":{"line":18,"column":9}},{"start":{"line":16,"column":8},"end":{"line":18,"column":9}}],"line":16},"2":{"loc":{"start":{"line":16,"column":12},"end":{"line":16,"column":96}},"type":"binary-expr","locations":[{"start":{"line":16,"column":12},"end":{"line":16,"column":43}},{"start":{"line":16,"column":47},"end":{"line":16,"column":67}},{"start":{"line":16,"column":71},"end":{"line":16,"column":96}}],"line":16},"3":{"loc":{"start":{"line":19,"column":8},"end":{"line":21,"column":9}},"type":"if","locations":[{"start":{"line":19,"column":8},"end":{"line":21,"column":9}},{"start":{"line":19,"column":8},"end":{"line":21,"column":9}}],"line":19},"4":{"loc":{"start":{"line":19,"column":14},"end":{"line":19,"column":92}},"type":"binary-expr","locations":[{"start":{"line":19,"column":14},"end":{"line":19,"column":51}},{"start":{"line":19,"column":55},"end":{"line":19,"column":92}}],"line":19},"5":{"loc":{"start":{"line":22,"column":8},"end":{"line":24,"column":9}},"type":"if","locations":[{"start":{"line":22,"column":8},"end":{"line":24,"column":9}},{"start":{"line":22,"column":8},"end":{"line":24,"column":9}}],"line":22},"6":{"loc":{"start":{"line":22,"column":12},"end":{"line":22,"column":78}},"type":"binary-expr","locations":[{"start":{"line":22,"column":12},"end":{"line":22,"column":43}},{"start":{"line":22,"column":47},"end":{"line":22,"column":78}}],"line":22},"7":{"loc":{"start":{"line":28,"column":8},"end":{"line":31,"column":9}},"type":"if","locations":[{"start":{"line":28,"column":8},"end":{"line":31,"column":9}},{"start":{"line":28,"column":8},"end":{"line":31,"column":9}}],"line":28},"8":{"loc":{"start":{"line":35,"column":8},"end":{"line":37,"column":9}},"type":"if","locations":[{"start":{"line":35,"column":8},"end":{"line":37,"column":9}},{"start":{"line":35,"column":8},"end":{"line":37,"column":9}}],"line":35},"9":{"loc":{"start":{"line":44,"column":8},"end":{"line":46,"column":9}},"type":"if","locations":[{"start":{"line":44,"column":8},"end":{"line":46,"column":9}},{"start":{"line":44,"column":8},"end":{"line":46,"column":9}}],"line":44},"10":{"loc":{"start":{"line":47,"column":8},"end":{"line":49,"column":9}},"type":"if","locations":[{"start":{"line":47,"column":8},"end":{"line":49,"column":9}},{"start":{"line":47,"column":8},"end":{"line":49,"column":9}}],"line":47},"11":{"loc":{"start":{"line":51,"column":12},"end":{"line":53,"column":13}},"type":"if","locations":[{"start":{"line":51,"column":12},"end":{"line":53,"column":13}},{"start":{"line":51,"column":12},"end":{"line":53,"column":13}}],"line":51},"12":{"loc":{"start":{"line":58,"column":8},"end":{"line":60,"column":9}},"type":"if","locations":[{"start":{"line":58,"column":8},"end":{"line":60,"column":9}},{"start":{"line":58,"column":8},"end":{"line":60,"column":9}}],"line":58},"13":{"loc":{"start":{"line":62,"column":8},"end":{"line":64,"column":9}},"type":"if","locations":[{"start":{"line":62,"column":8},"end":{"line":64,"column":9}},{"start":{"line":62,"column":8},"end":{"line":64,"column":9}}],"line":62},"14":{"loc":{"start":{"line":62,"column":12},"end":{"line":62,"column":93}},"type":"binary-expr","locations":[{"start":{"line":62,"column":12},"end":{"line":62,"column":42}},{"start":{"line":62,"column":46},"end":{"line":62,"column":61}},{"start":{"line":62,"column":65},"end":{"line":62,"column":93}}],"line":62},"15":{"loc":{"start":{"line":65,"column":8},"end":{"line":68,"column":9}},"type":"if","locations":[{"start":{"line":65,"column":8},"end":{"line":68,"column":9}},{"start":{"line":65,"column":8},"end":{"line":68,"column":9}}],"line":65},"16":{"loc":{"start":{"line":65,"column":12},"end":{"line":65,"column":92}},"type":"binary-expr","locations":[{"start":{"line":65,"column":12},"end":{"line":65,"column":46}},{"start":{"line":65,"column":50},"end":{"line":65,"column":92}}],"line":65},"17":{"loc":{"start":{"line":72,"column":8},"end":{"line":74,"column":9}},"type":"if","locations":[{"start":{"line":72,"column":8},"end":{"line":74,"column":9}},{"start":{"line":72,"column":8},"end":{"line":74,"column":9}}],"line":72},"18":{"loc":{"start":{"line":77,"column":8},"end":{"line":84,"column":9}},"type":"if","locations":[{"start":{"line":77,"column":8},"end":{"line":84,"column":9}},{"start":{"line":77,"column":8},"end":{"line":84,"column":9}}],"line":77},"19":{"loc":{"start":{"line":81,"column":13},"end":{"line":84,"column":9}},"type":"if","locations":[{"start":{"line":81,"column":13},"end":{"line":84,"column":9}},{"start":{"line":81,"column":13},"end":{"line":84,"column":9}}],"line":81},"20":{"loc":{"start":{"line":100,"column":8},"end":{"line":102,"column":9}},"type":"if","locations":[{"start":{"line":100,"column":8},"end":{"line":102,"column":9}},{"start":{"line":100,"column":8},"end":{"line":102,"column":9}}],"line":100},"21":{"loc":{"start":{"line":100,"column":12},"end":{"line":100,"column":78}},"type":"binary-expr","locations":[{"start":{"line":100,"column":12},"end":{"line":100,"column":31}},{"start":{"line":100,"column":35},"end":{"line":100,"column":49}},{"start":{"line":100,"column":53},"end":{"line":100,"column":78}}],"line":100},"22":{"loc":{"start":{"line":103,"column":8},"end":{"line":112,"column":9}},"type":"if","locations":[{"start":{"line":103,"column":8},"end":{"line":112,"column":9}},{"start":{"line":103,"column":8},"end":{"line":112,"column":9}}],"line":103},"23":{"loc":{"start":{"line":104,"column":12},"end":{"line":106,"column":13}},"type":"if","locations":[{"start":{"line":104,"column":12},"end":{"line":106,"column":13}},{"start":{"line":104,"column":12},"end":{"line":106,"column":13}}],"line":104},"24":{"loc":{"start":{"line":104,"column":16},"end":{"line":104,"column":68}},"type":"binary-expr","locations":[{"start":{"line":104,"column":16},"end":{"line":104,"column":32}},{"start":{"line":104,"column":36},"end":{"line":104,"column":68}}],"line":104},"25":{"loc":{"start":{"line":109,"column":12},"end":{"line":111,"column":13}},"type":"if","locations":[{"start":{"line":109,"column":12},"end":{"line":111,"column":13}},{"start":{"line":109,"column":12},"end":{"line":111,"column":13}}],"line":109}},"s":{"0":1,"1":1,"2":1,"3":141,"4":141,"5":141,"6":141,"7":98,"8":62,"9":36,"10":0,"11":36,"12":2,"13":34,"14":21,"15":13,"16":71,"17":2,"18":2,"19":69,"20":34,"21":2,"22":32,"23":62,"24":32,"25":32,"26":3,"27":29,"28":1,"29":28,"30":43,"31":10,"32":18,"33":43,"34":3,"35":40,"36":40,"37":3,"38":37,"39":33,"40":33,"41":4,"42":37,"43":3,"44":34,"45":34,"46":34,"47":32,"48":32,"49":2,"50":1,"51":1,"52":1,"53":83,"54":83,"55":83,"56":83,"57":143,"58":4,"59":139,"60":61,"61":1,"62":78,"63":4,"64":134,"65":1},"f":{"0":141,"1":98,"2":71,"3":34,"4":32,"5":43,"6":37,"7":83,"8":83,"9":83,"10":83,"11":143},"b":{"0":[62,36],"1":[0,36],"2":[36,36,36],"3":[2,34],"4":[36,35],"5":[21,13],"6":[34,32],"7":[2,69],"8":[2,32],"9":[3,29],"10":[1,28],"11":[10,33],"12":[3,40],"13":[3,37],"14":[40,39,37],"15":[33,4],"16":[37,37],"17":[3,34],"18":[32,2],"19":[1,1],"20":[4,139],"21":[143,143,142],"22":[61,78],"23":[1,60],"24":[61,60],"25":[4,74]},"_coverageSchema":"332fd63041d2c1bcb487cc26dd0d5f7d97098a6c","hash":"0db1869db5503d7eafbcbc9efb595119cc6ca1a0","contentHash":"42a14f6c7bbf99fd7d6858d9969daa90_11.3.0"},"C:\\Users\\Helen\\WebstormProjects\\project_team211\\src\\controller\\DataFilter.js":{"path":"C:\\Users\\Helen\\WebstormProjects\\project_team211\\src\\controller\\DataFilter.js","statementMap":{"0":{"start":{"line":2,"column":0},"end":{"line":2,"column":62}},"1":{"start":{"line":3,"column":22},"end":{"line":3,"column":54}},"2":{"start":{"line":4,"column":24},"end":{"line":4,"column":58}},"3":{"start":{"line":5,"column":32},"end":{"line":5,"column":74}},"4":{"start":{"line":8,"column":8},"end":{"line":8,"column":41}},"5":{"start":{"line":9,"column":8},"end":{"line":9,"column":59}},"6":{"start":{"line":10,"column":8},"end":{"line":10,"column":89}},"7":{"start":{"line":11,"column":8},"end":{"line":11,"column":65}},"8":{"start":{"line":14,"column":28},"end":{"line":14,"column":54}},"9":{"start":{"line":15,"column":30},"end":{"line":15,"column":64}},"10":{"start":{"line":16,"column":32},"end":{"line":16,"column":77}},"11":{"start":{"line":17,"column":8},"end":{"line":19,"column":9}},"12":{"start":{"line":18,"column":12},"end":{"line":18,"column":92}},"13":{"start":{"line":20,"column":33},"end":{"line":20,"column":84}},"14":{"start":{"line":21,"column":8},"end":{"line":21,"column":34}},"15":{"start":{"line":25,"column":8},"end":{"line":30,"column":9}},"16":{"start":{"line":26,"column":12},"end":{"line":26,"column":60}},"17":{"start":{"line":29,"column":12},"end":{"line":29,"column":66}},"18":{"start":{"line":31,"column":8},"end":{"line":31,"column":22}},"19":{"start":{"line":34,"column":0},"end":{"line":34,"column":32}}},"fnMap":{"0":{"name":"(anonymous_0)","decl":{"start":{"line":7,"column":4},"end":{"line":7,"column":5}},"loc":{"start":{"line":7,"column":30},"end":{"line":12,"column":5}},"line":7},"1":{"name":"(anonymous_1)","decl":{"start":{"line":13,"column":4},"end":{"line":13,"column":5}},"loc":{"start":{"line":13,"column":23},"end":{"line":22,"column":5}},"line":13},"2":{"name":"(anonymous_2)","decl":{"start":{"line":23,"column":4},"end":{"line":23,"column":5}},"loc":{"start":{"line":23,"column":26},"end":{"line":32,"column":5}},"line":23}},"branchMap":{"0":{"loc":{"start":{"line":17,"column":8},"end":{"line":19,"column":9}},"type":"if","locations":[{"start":{"line":17,"column":8},"end":{"line":19,"column":9}},{"start":{"line":17,"column":8},"end":{"line":19,"column":9}}],"line":17},"1":{"loc":{"start":{"line":25,"column":8},"end":{"line":30,"column":9}},"type":"if","locations":[{"start":{"line":25,"column":8},"end":{"line":30,"column":9}},{"start":{"line":25,"column":8},"end":{"line":30,"column":9}}],"line":25}},"s":{"0":1,"1":1,"2":1,"3":1,"4":69,"5":69,"6":69,"7":69,"8":69,"9":69,"10":69,"11":69,"12":20,"13":69,"14":69,"15":69,"16":49,"17":20,"18":69,"19":1},"f":{"0":69,"1":69,"2":69},"b":{"0":[20,49],"1":[49,20]},"_coverageSchema":"332fd63041d2c1bcb487cc26dd0d5f7d97098a6c","hash":"804557b8e06e12fbeca18fa6018d1d3b869fd5fa","contentHash":"89a35f139162777b094935da01c20697_11.3.0"},"C:\\Users\\Helen\\WebstormProjects\\project_team211\\src\\Filter\\WhereFilter.js":{"path":"C:\\Users\\Helen\\WebstormProjects\\project_team211\\src\\Filter\\WhereFilter.js","statementMap":{"0":{"start":{"line":2,"column":0},"end":{"line":2,"column":62}},"1":{"start":{"line":3,"column":15},"end":{"line":3,"column":30}},"2":{"start":{"line":6,"column":33},"end":{"line":6,"column":35}},"3":{"start":{"line":7,"column":23},"end":{"line":7,"column":34}},"4":{"start":{"line":8,"column":8},"end":{"line":16,"column":9}},"5":{"start":{"line":9,"column":12},"end":{"line":15,"column":13}},"6":{"start":{"line":10,"column":30},"end":{"line":10,"column":32}},"7":{"start":{"line":11,"column":16},"end":{"line":13,"column":17}},"8":{"start":{"line":12,"column":20},"end":{"line":12,"column":54}},"9":{"start":{"line":14,"column":16},"end":{"line":14,"column":49}},"10":{"start":{"line":17,"column":8},"end":{"line":17,"column":34}},"11":{"start":{"line":20,"column":8},"end":{"line":22,"column":9}},"12":{"start":{"line":21,"column":12},"end":{"line":21,"column":24}},"13":{"start":{"line":23,"column":24},"end":{"line":23,"column":46}},"14":{"start":{"line":24,"column":18},"end":{"line":24,"column":51}},"15":{"start":{"line":25,"column":20},"end":{"line":25,"column":37}},"16":{"start":{"line":26,"column":8},"end":{"line":75,"column":9}},"17":{"start":{"line":27,"column":30},"end":{"line":27,"column":48}},"18":{"start":{"line":28,"column":28},"end":{"line":28,"column":45}},"19":{"start":{"line":29,"column":29},"end":{"line":29,"column":65}},"20":{"start":{"line":30,"column":12},"end":{"line":30,"column":44}},"21":{"start":{"line":32,"column":13},"end":{"line":75,"column":9}},"22":{"start":{"line":33,"column":30},"end":{"line":33,"column":48}},"23":{"start":{"line":34,"column":28},"end":{"line":34,"column":45}},"24":{"start":{"line":35,"column":29},"end":{"line":35,"column":65}},"25":{"start":{"line":36,"column":12},"end":{"line":36,"column":46}},"26":{"start":{"line":38,"column":13},"end":{"line":75,"column":9}},"27":{"start":
[...]
79,"column":5}},"line":77},"10":{"name":"(anonymous_10)","decl":{"start":{"line":80,"column":4},"end":{"line":80,"column":5}},"loc":{"start":{"line":80,"column":19},"end":{"line":82,"column":5}},"line":80},"11":{"name":"(anonymous_11)","decl":{"start":{"line":83,"column":4},"end":{"line":83,"column":5}},"loc":{"start":{"line":83,"column":20},"end":{"line":85,"column":5}},"line":83},"12":{"name":"(anonymous_12)","decl":{"start":{"line":86,"column":4},"end":{"line":86,"column":5}},"loc":{"start":{"line":86,"column":18},"end":{"line":88,"column":5}},"line":86},"13":{"name":"(anonymous_13)","decl":{"start":{"line":89,"column":4},"end":{"line":89,"column":5}},"loc":{"start":{"line":89,"column":28},"end":{"line":91,"column":5}},"line":89},"14":{"name":"(anonymous_14)","decl":{"start":{"line":92,"column":4},"end":{"line":92,"column":5}},"loc":{"start":{"line":92,"column":14},"end":{"line":99,"column":5}},"line":92},"15":{"name":"(anonymous_15)","decl":{"start":{"line":100,"column":4},"end":{"line":100,"column":5}},"loc":{"start":{"line":100,"column":16},"end":{"line":102,"column":5}},"line":100},"16":{"name":"(anonymous_16)","decl":{"start":{"line":103,"column":4},"end":{"line":103,"column":5}},"loc":{"start":{"line":103,"column":16},"end":{"line":105,"column":5}},"line":103},"17":{"name":"(anonymous_17)","decl":{"start":{"line":106,"column":4},"end":{"line":106,"column":5}},"loc":{"start":{"line":106,"column":13},"end":{"line":108,"column":5}},"line":106},"18":{"name":"(anonymous_18)","decl":{"start":{"line":109,"column":4},"end":{"line":109,"column":5}},"loc":{"start":{"line":109,"column":13},"end":{"line":111,"column":5}},"line":109}},"branchMap":{"0":{"loc":{"start":{"line":11,"column":8},"end":{"line":50,"column":9}},"type":"if","locations":[{"start":{"line":11,"column":8},"end":{"line":50,"column":9}},{"start":{"line":11,"column":8},"end":{"line":50,"column":9}}],"line":11},"1":{"loc":{"start":{"line":14,"column":13},"end":{"line":50,"column":9}},"type":"if","locations":[{"start":{"line":14,"column":13},"end":{"line":50,"column":9}},{"start":{"line":14,"column":13},"end":{"line":50,"column":9}}],"line":14},"2":{"loc":{"start":{"line":17,"column":13},"end":{"line":50,"column":9}},"type":"if","locations":[{"start":{"line":17,"column":13},"end":{"line":50,"column":9}},{"start":{"line":17,"column":13},"end":{"line":50,"column":9}}],"line":17},"3":{"loc":{"start":{"line":20,"column":13},"end":{"line":50,"column":9}},"type":"if","locations":[{"start":{"line":20,"column":13},"end":{"line":50,"column":9}},{"start":{"line":20,"column":13},"end":{"line":50,"column":9}}],"line":20},"4":{"loc":{"start":{"line":23,"column":13},"end":{"line":50,"column":9}},"type":"if","locations":[{"start":{"line":23,"column":13},"end":{"line":50,"column":9}},{"start":{"line":23,"column":13},"end":{"line":50,"column":9}}],"line":23},"5":{"loc":{"start":{"line":26,"column":13},"end":{"line":50,"column":9}},"type":"if","locations":[{"start":{"line":26,"column":13},"end":{"line":50,"column":9}},{"start":{"line":26,"column":13},"end":{"line":50,"column":9}}],"line":26},"6":{"loc":{"start":{"line":29,"column":13},"end":{"line":50,"column":9}},"type":"if","locations":[{"start":{"line":29,"column":13},"end":{"line":50,"column":9}},{"start":{"line":29,"column":13},"end":{"line":50,"column":9}}],"line":29},"7":{"loc":{"start":{"line":32,"column":13},"end":{"line":50,"column":9}},"type":"if","locations":[{"start":{"line":32,"column":13},"end":{"line":50,"column":9}},{"start":{"line":32,"column":13},"end":{"line":50,"column":9}}],"line":32},"8":{"loc":{"start":{"line":35,"column":13},"end":{"line":50,"column":9}},"type":"if","locations":[{"start":{"line":35,"column":13},"end":{"line":50,"column":9}},{"start":{"line":35,"column":13},"end":{"line":50,"column":9}}],"line":35},"9":{"loc":{"start":{"line":38,"column":13},"end":{"line":50,"column":9}},"type":"if","locations":[{"start":{"line":38,"column":13},"end":{"line":50,"column":9}},{"start":{"line":38,"column":13},"end":{"line":50,"column":9}}],"line":38},"10":{"loc":{"start":{"line":41,"column":13},"end":{"line":50,"column":9}},"type":"if","locations":[{"start":{"line":41,"column":13},"end":{"line":50,"column":9}},{"start":{"line":41,"column":13},"end":{"line":50,"column":9}}],"line":41},"11":{"loc":{"start":{"line":44,"column":13},"end":{"line":50,"column":9}},"type":"if","locations":[{"start":{"line":44,"column":13},"end":{"line":50,"column":9}},{"start":{"line":44,"column":13},"end":{"line":50,"column":9}}],"line":44},"12":{"loc":{"start":{"line":57,"column":16},"end":{"line":60,"column":35}},"type":"binary-expr","locations":[{"start":{"line":57,"column":16},"end":{"line":57,"column":43}},{"start":{"line":57,"column":47},"end":{"line":57,"column":75}},{"start":{"line":57,"column":79},"end":{"line":57,"column":104}},{"start":{"line":58,"column":12},"end":{"line":58,"column":35}},{"start":{"line":58,"column":39},"end":{"line":58,"column":65}},{"start":{"line":58,"column":69},"end":{"line":58,"column":91}},{"start":{"line":58,"column":95},"end":{"line":58,"column":117}},{"start":{"line":59,"column":12},"end":{"line":59,"column":36}},{"start":{"line":59,"column":40},"end":{"line":59,"column":63}},{"start":{"line":59,"column":67},"end":{"line":59,"column":95}},{"start":{"line":60,"column":12},"end":{"line":60,"column":35}}],"line":57},"13":{"loc":{"start":{"line":93,"column":8},"end":{"line":98,"column":9}},"type":"if","locations":[{"start":{"line":93,"column":8},"end":{"line":98,"column":9}},{"start":{"line":93,"column":8},"end":{"line":98,"column":9}}],"line":93},"14":{"loc":{"start":{"line":93,"column":12},"end":{"line":93,"column":69}},"type":"binary-expr","locations":[{"start":{"line":93,"column":12},"end":{"line":93,"column":40}},{"start":{"line":93,"column":44},"end":{"line":93,"column":69}}],"line":93}},"s":{"0":1,"1":1,"2":4419,"3":4419,"4":4419,"5":33120,"6":2406,"7":30714,"8":2762,"9":27952,"10":2406,"11":25546,"12":2406,"13":23140,"14":2406,"15":20734,"16":2406,"17":18328,"18":2747,"19":15581,"20":5593,"21":9988,"22":2406,"23":7582,"24":2770,"25":4812,"26":2406,"27":2406,"28":2406,"29":0,"30":0,"31":2406,"32":3170,"33":3170,"34":3170,"35":3764,"36":1188,"37":594,"38":3231,"39":3229,"40":3231,"41":3231,"42":3227,"43":3231,"44":2,"45":3229,"46":3825,"47":3825,"48":3170,"49":3170,"50":1},"f":{"0":4419,"1":33120,"2":2406,"3":3170,"4":3170,"5":3170,"6":3764,"7":1188,"8":594,"9":3231,"10":3229,"11":3231,"12":3231,"13":3227,"14":3231,"15":3825,"16":3825,"17":3170,"18":3170},"b":{"0":[2406,30714],"1":[2762,27952],"2":[2406,25546],"3":[2406,23140],"4":[2406,20734],"5":[2406,18328],"6":[2747,15581],"7":[5593,9988],"8":[2406,7582],"9":[2770,4812],"10":[2406,2406],"11":[2406,0],"12":[3170,3170,3170,3168,3168,3168,3168,3168,3168,3168,3164],"13":[2,3229],"14":[3231,3231]},"_coverageSchema":"332fd63041d2c1bcb487cc26dd0d5f7d97098a6c","hash":"10a2aa9a6e3a4180818fdfd8fac03f0c5bfca7f9","contentHash":"2018e3a5fa4b9297a50b4b4f3fa9b410_11.3.0"},"C:\\Users\\Helen\\WebstormProjects\\project_team211\\src\\rest\\Server.js":{"path":"C:\\Users\\Helen\\WebstormProjects\\project_team211\\src\\rest\\Server.js","statementMap":{"0":{"start":{"line":2,"column":0},"end":{"line":2,"column":62}},"1":{"start":{"line":3,"column":11},"end":{"line":3,"column":24}},"2":{"start":{"line":4,"column":16},"end":{"line":4,"column":34}},"3":{"start":{"line":5,"column":15},"end":{"line":5,"column":33}},"4":{"start":{"line":6,"column":25},"end":{"line":6,"column":64}},"5":{"start":{"line":7,"column":24},"end":{"line":7,"column":62}},"6":{"start":{"line":10,"column":8},"end":{"line":10,"column":62}},"7":{"start":{"line":11,"column":8},"end":{"line":11,"column":25}},"8":{"start":{"line":12,"column":8},"end":{"line":12,"column":59}},"9":{"start":{"line":15,"column":8},"end":{"line":15,"column":47}},"10":{"start":{"line":16,"column":21},"end":{"line":16,"column":25}},"11":{"start":{"line":17,"column":8},"end":{"line":21,"column":11}},"12":{"start":{"line":18,"column":12},"end":{"line":20,"column":15}},"13":{"start":{"line":19,"column":16},"end":{"line":19,"column":30}},"14":{"start":{"line":24,"column":21},"end":{"line":24,"column":25}},"15":{"start":{"line":25,"column":8},"end":{"line":56,"column":11}},"16":{"start":{"line":26,"column":12},"end":{"line":55,"column":13}},"17":{"start":{"line":27,"column":16},"end":{"line":27,"column":63}},"18":{"start":{"line":28,"column":16},"end":{"line":30,"column":19}},"19":{"start":{"line":31,"column":16},"end":{"line":31,"column":87}},"20":{"start":{"line":32,"column":16},"end":{"line":36,"column":19}},"21":{"start":{"line":33,"column":20},"end":{"line":33,"column":67}},"22":{"start":{"line":34,"column":20},"end":{"line":34,"column":83}},"23":{"start":{"line":35,"column":20},"end":{"line":35,"column":34}},"24":{"start":{"line":37,"column":16},"end":{"line":37,"column":57}},"25":{"start":{"line":38,"column":16},"end":{"line":38,"column":80}},"26":{"start":{"line":39,"column":16},"end":{"line":39,"column":77}},"27":{"start":{"line":40,"column":16},"end":{"line":40,"column":71}},"28":{"start":{"line":41,"column":16},"end":{"line":41,"column":75}},"29":{"start":{"line":42,"column":16},"end":{"line":42,"column":55}},"30":{"start":{"line":43,"column":16},"end":{"line":46,"column":19}},"31":{"start":{"line":44,"column":20},"end":{"line":44,"column":97}},"32":{"start":{"line":45,"column":20},"end":{"line":45,"column":34}},"33":{"start":{"line":47,"column":16},"end":{"line":50,"column":19}},"34":{"start":{"line":48,"column":20},"end":{"line":48,"column":83}},"35":{"start":{"line":49,"column":20},"end":{"line":49,"column":32}},"36":{"start":{"line":53,"column":16},"end":{"line":53,"column":72}},"37":{"start":{"line":54,"column":16},"end":{"line":54,"column":28}},"38":{"start":{"line":59,"column":8},"end":{"line":63,"column":11}},"39":{"start":{"line":60,"column":12},"end":{"line":62,"column":15}},"40":{"start":{"line":64,"column":8},"end":{"line":64,"column":22}},"41":{"start":{"line":67,"column":8},"end":{"line":67,"column":58}},"42":{"start":{"line":68,"column":8},"end":{"line":83,"column":11}},"43":{"start":{"line":69,"column":12},"end":{"line":71,"column":15}},"44":{"start":{"line":73,"column":12},"end":{"line":82,"column":13}},"45":{"start":{"line":74,"column":16},"end":{"line":76,"column":19}},"46":{"start":{"line":78,"column":17},"end":{"line":82,"column":13}},"47":{"start":{"line":79,"column":16},"end":{"line":81,"column":19}},"48":{"start":{"line":84,"column":8},"end":{"line":84,"column":22}},"49":{"start":{"line":87,"column":8},"end":{"line":95,"column":11}},"50":{"start":{"line":88,"column":12},"end":{"line":90,"column":15}},"51":{"start":{"line":92,"column":12},"end":{"line":94,"column":15}},"52":{"start":{"line":96,"column":8},"end":{"line":96,"column":22}},"53":{"start":{"line":99,"column":8},"end":{"line":99,"column":55}},"54":{"start":{"line":100,"column":21},"end":{"line":100,"column":48}},"55":{"start":{"line":101,"column":8},"end":{"line":107,"column":11}},"56":{"start":{"line":102,"column":12},"end":{"line":102,"column":39}},"57":{"start":{"line":103,"column":12},"end":{"line":103,"column":45}},"58":{"start":{"line":105,"column":12},"end":{"line":105,"column":37}},"59":{"start":{"line":106,"column":12},"end":{"line":106,"column":53}},"60":{"start":{"line":108,"column":8},"end":{"line":108,"column":22}},"61":{"start":{"line":111,"column":8},"end":{"line":111,"column":89}},"62":{"start":{"line":112,"column":8},"end":{"line":120,"column":9}},"63":{"start":{"line":113,"column":29},"end":{"line":113,"column":63}},"64":{"start":{"line":114,"column":12},"end":{"line":114,"column":72}},"65":{"start":{"line":115,"column":12},"end":{"line":115,"column":48}},"66":{"start":{"line":118,"column":12},"end":{"line":118,"column":70}},"67":{"start":{"line":119,"column":12},"end":{"line":119,"column":42}},"68":{"start":{"line":121,"column":8},"end":{"line":121,"column":22}},"69":{"start":{"line":124,"column":8},"end":{"line":129,"column":9}},"70":{"start":{"line":125,"column":12},"end":{"line":125,"column":37}},"71":{"start":{"line":128,"column":12},"end":{"line":128,"column":42}},"72":{"start":{"line":132,"column":26},"end":{"line":132,"column":44}},"73":{"start":{"line":133,"column":8},"end":{"line":133,"column":67}},"74":{"start":{"line":134,"column":19},"end":{"line":134,"column":43}},"75":{"start":{"line":135,"column":8},"end":{"line":138,"column":9}},"76":{"start":{"line":136,"column":12},"end":{"line":136,"column":56}},"77":{"start":{"line":137,"column":12},"end":{"line":137,"column":38}},"78":{"start":{"line":139,"column":8},"end":{"line":148,"column":11}},"79":{"start":{"line":140,"column":12},"end":{"line":144,"column":13}},"80":{"start":{"line":141,"column":16},"end":{"line":141,"column":30}},"81":{"start":{"line":142,"column":16},"end":{"line":142,"column":58}},"82":{"start":{"line":143,"column":16},"end":{"line":143,"column":30}},"83":{"start":{"line":145,"column":12},"end":{"line":145,"column":28}},"84":{"start":{"line":146,"column":12},"end":{"line":146,"column":22}},"85":{"start":{"line":147,"column":12},"end":{"line":147,"column":26}},"86":{"start":{"line":151,"column":0},"end":{"line":151,"column":25}}},"fnMap":{"0":{"name":"(anonymous_0)","decl":{"start":{"line":9,"column":4},"end":{"line":9,"column":5}},"loc":{"start":{"line":9,"column":22},"end":{"line":13,"column":5}},"line":9},"1":{"name":"(anonymous_1)","decl":{"start":{"line":14,"column":4},"end":{"line":14,"column":5}},"loc":{"start":{"line":14,"column":11},"end":{"line":22,"column":5}},"line":14},"2":{"name":"(anonymous_2)","decl":{"start":{"line":17,"column":27},"end":{"line":17,"column":28}},"loc":{"start":{"line":17,"column":46},"end":{"line":21,"column":9}},"line":17},"3":{"name":"(anonymous_3)","decl":{"start":{"line":18,"column":28},"end":{"line":18,"column":29}},"loc":{"start":{"line":18,"column":40},"end":{"line":20,"column":13}},"line":18},"4":{"name":"(anonymous_4)","decl":{"start":{"line":23,"column":4},"end":{"line":23,"column":5}},"loc":{"start":{"line":23,"column":12},"end":{"line":57,"column":5}},"line":23},"5":{"name":"(anonymous_5)","decl":{"start":{"line":25,"column":27},"end":{"line":25,"column":28}},"loc":{"start":{"line":25,"column":54},"end":{"line":56,"column":9}},"line":25},"6":{"name":"crossOrigin","decl":{"start":{"line":32,"column":39},"end":{"line":32,"column":50}},"loc":{"start":{"line":32,"column":67},"end":{"line":36,"column":17}},"line":32},"7":{"name":"(anonymous_7)","decl":{"start":{"line":43,"column":44},"end":{"line":43,"column":45}},"loc":{"start":{"line":43,"column":56},"end":{"line":46,"column":17}},"line":43},"8":{"name":"(anonymous_8)","decl":{"start":{"line":47,"column":38},"end":{"line":47,"column":39}},"loc":{"start":{"line":47,"column":53},"end":{"line":50,"column":17}},"line":47},"9":{"name":"(anonymous_9)","decl":{"start":{"line":58,"column":4},"end":{"line":58,"column":5}},"loc":{"start":{"line":58,"column":35},"end":{"line":65,"column":5}},"line":58},"10":{"name":"(anonymous_10)","decl":{"start":{"line":59,"column":47},"end":{"line":59,"column":48}},"loc":{"start":{"line":59,"column":58},"end":{"line":63,"column":9}},"line":59},"11":{"name":"(anonymous_11)","decl":{"start":{"line":66,"column":4},"end":{"line":66,"column":5}},"loc":{"start":{"line":66,"column":34},"end":{"line":85,"column":5}},"line":66},"12":{"name":"(anonymous_12)","decl":{"start":{"line":68,"column":61},"end":{"line":68,"column":62}},"loc":{"start":{"line":68,"column":72},"end":{"line":72,"column":9}},"line":68},"13":{"name":"(anonymous_13)","decl":{"start":{"line":72,"column":17},"end":{"line":72,"column":18}},"loc":{"start":{"line":72,"column":32},"end":{"line":83,"column":9}},"line":72},"14":{"name":"(anonymous_14)","decl":{"start":{"line":86,"column":4},"end":{"line":86,"column":5}},"loc":{"start":{"line":86,"column":33},"end":{"line":97,"column":5}},"line":86},"15":{"name":"(anonymous_15)","decl":{"start":{"line":87,"column":55},"end":{"line":87,"column":56}},"loc":{"start":{"line":87,"column":66},"end":{"line":91,"column":9}},"line":87},"16":{"name":"(anonymous_16)","decl":{"start":{"line":91,"column":17},"end":{"line":91,"column":18}},"loc":{"start":{"line":91,"column":32},"end":{"line":95,"column":9}},"line":91},"17":{"name":"(anonymous_17)","decl":{"start":{"line":98,"column":4},"end":{"line":98,"column":5}},"loc":{"start":{"line":98,"column":31},"end":{"line":109,"column":5}},"line":98},"18":{"name":"(anonymous_18)","decl":{"start":{"line":101,"column":81},"end":{"line":101,"column":82}},"loc":{"start":{"line":101,"column":92},"end":{"line":104,"column":9}},"line":101},"19":{"name":"(anonymous_19)","decl":{"start":{"line":104,"column":17},"end":{"line":104,"column":18}},"loc":{"start":{"line":104,"column":32},"end":{"line":107,"column":9}},"line":104},"20":{"name":"(anonymous_20)","decl":{"start":{"line":110,"column":4},"end":{"line":110,"column":5}},"loc":{"start":{"line":110,"column":32},"end":{"line":122,"column":5}},"line":110},"21":{"name":"(anonymous_21)","decl":{"start":{"line":123,"column":4},"end":{"line":123,"column":5}},"loc":{"start":{"line":123,"column":28},"end":{"line":130,"column":5}},"line":123},"22":{"name":"(anonymous_22)","decl":{"start":{"line":131,"column":4},"end":{"line":131,"column":5}},"loc":{"start":{"line":131,"column":37},"end":{"line":149,"column":5}},"line":131},"23":{"name":"(anonymous_23)","decl":{"start":{"line":139,"column":26},"end":{"line":139,"column":27}},"loc":{"start":{"line":139,"column":47},"end":{"line":148,"column":9}},"line":139}},"branchMap":{"0":{"loc":{"start":{"line":73,"column":12},"end":{"line":82,"column":13}},"type":"if","locations":[{"start":{"line":73,"column":12},"end":{"line":82,"column":13}},{"start":{"line":73,"column":12},"end":{"line":82,"column":13}}],"line":73},"1":{"loc":{"start":{"line":78,"column":17},"end":{"line":82,"column":13}},"type":"if","locations":[{"start":{"line":78,"column":17},"end":{"line":82,"column":13}},{"start":{"line":78,"column":17},"end":{"line":82,"column":13}}],"line":78},"2":{"loc":{"start":{"line":124,"column":8},"end":{"line":129,"column":9}},"type":"if","locations":[{"start":{"line":124,"column":8},"end":{"line":129,"column":9}},{"start":{"line":124,"column":8},"end":{"line":129,"column":9}}],"line":124},"3":{"loc":{"start":{"line":124,"column":12},"end":{"line":124,"column":54}},"type":"binary-expr","locations":[{"start":{"line":124,"column":12},"end":{"line":124,"column":38}},{"start":{"line":124,"column":42},"end":{"line":124,"column":54}}],"line":124},"4":{"loc":{"start":{"line":135,"column":8},"end":{"line":138,"column":9}},"type":"if","locations":[{"start":{"line":135,"column":8},"end":{"line":138,"column":9}},{"start":{"line":135,"column":8},"end":{"line":138,"column":9}}],"line":135},"5":{"loc":{"start":{"line":140,"column":12},"end":{"line":144,"column":13}},"type":"if","locations":[{"start":{"line":140,"column":12},"end":{"line":144,"column":13}},{"start":{"line":140,"column":12},"end":{"line":144,"column":13}}],"line":140}},"s":{"0":1,"1":1,"2":1,"3":1,"4":1,"5":1,"6":1,"7":1,"8":1,"9":2,"10":2,"11":2,"12":2,"13":2,"14":2,"15":2,"16":2,"17":2,"18":2,"19":2,"20":2,"21":19,"22":19,"23":19,"24":2,"25":2,"26":2,"27":2,"28":2,"29":2,"30":2,"31":2,"32":2,"33":2,"34":0,"35":0,"36":0,"37":0,"38":2,"39":2,"40":2,"41":3,"42":3,"43":1,"44":2,"45":1,"46":1,"47":1,"48":3,"49":3,"50":2,"51":1,"52":3,"53":9,"54":9,"55":9,"56":7,"57":7,"58":2,"59":2,"60":9,"61":1,"62":1,"63":1,"64":1,"65":1,"66":0,"67":0,"68":1,"69":1,"70":1,"71":0,"72":1,"73":1,"74":1,"75":1,"76":1,"77":1,"78":1,"79":1,"80":1,"81":1,"82":1,"83":0,"84":0,"85":0,"86":1},"f":{"0":1,"1":2,"2":2,"3":2,"4":2,"5":2,"6":19,"7":2,"8":0,"9":2,"10":2,"11":3,"12":1,"13":2,"14":3,"15":2,"16":1,"17":9,"18":7,"19":2,"20":1,"21":1,"22":1,"23":1},"b":{"0":[1,1],"1":[1,0],"2":[1,0],"3":[1,1],"4":[1,0],"5":[1,0]},"_coverageSchema":"332fd63041d2c1bcb487cc26dd0d5f7d97098a6c","hash":"c21dfc7316dddcd1f504a4dddd8d0e2cc6bf548d","contentHash":"e4a8efc1a1783c2ed79f1ceb490b3df8_11.3.0"}}